26
01111111111111111111111111
00111111111111000000000000
00011111111111100000000000
00001111111111110000000000
00000111111111111000000000
00000011111111111100000000
00000001111111111110000000
00000000111111111111000000
00000000011111111111100000
00000000001111111111110000
00000000000111111111111000
00000000000011111111111100
00000000000001111111111110
00000000000000111111111111
01000000000000011111111111
01100000000000001111111111
01110000000000000111111111
01111000000000000011111111
01111100000000000001111111
01111110000000000000111111
01111111000000000000011111
01111111100000000000001111
01111111110000000000000111
01111111111000000000000011
01111111111100000000000001
01111111111110000000000000
28
0111111111111111111111111111
0000001111111111111111110111
0101111000001111111111111111
0100111100001111111111111111
0100011110001111111111111111
0100001111001111111111111111
0000000111111111111111111111
0010000011111111111111111111
0011000001111111111111111111
0011100000111111111111111111
0011110000011111111111111111
0011110000001111111111110111
0000000000000110101101001101
0000000000000000111111100011
0000000000000100010100111111
0000000000001110101110001001
0000000000000010010111101011
0000000000001001000000011111
0000000000000010110011100001
0000000000000000011000011111
0000000000001010010101100100
0000000000000011010100111000
0000000000001001010100011100
0000000000001101101010001000
0100000000010100001010000110
0000000000000101101001010010
0000000000001001001011110000
0000000000000000000011111110
29
01111111111111111111111111111
00000110111111111111111111111
01000010111111111111111111111
01100000111111111111111111111
01110000011111111111111111111
00111001001111111111111111111
00011101001111111111111111111
01111000011101111111111111111
00001111000000011111111111111
00000110100100011111111111111
00000000110010111111111111111
00000000101010111111111111111
00000001110001011111111111111
00000000111100011111111111111
00000000110011011111111111111
00000000000000001111110000001
00000000000000000111111000001
00000000000000000011111100001
00000000000000000001111110001
00000000000000000000111111001
00000000000000000000011111101
00000000000000000000001111111
00000000000000010000000111111
00000000000000011000000011111
00000000000000011100000001111
00000000000000011110000000111
00000000000000011111000000011
00000000000000011111100000001
00000000000000000000000000000
31
0111111111111111111111111111111
0000000000111111101111111110111
0100000000111111100111111110111
0110000000111111100111111110011
0111000000111111100011111110011
0111100000101111100011111110011
0111110000101011100011111110011
0111111000101011100011110110011
0111111100101011100011100110011
0111111110101011100011000110011
0000000000010111101111111011111
0000011111000000011100000011111
0000000000110100101111111100001
0000001111010000011111000001101
0000000000011100011101111001101
0000000000011110111110111000001
0000000000010110011101111001101
0111111111101000000001000000001
0011111111000000010000000011011
0000111111000000011000000011111
0000000000010010111101101101101
0000000000010001001100111111111
0000000001010100011100011101111
0000000011010100011110001101101
0000000111010100011100000101111
0000000000110111111100000011101
0000000000001111110010111001101
0111111111001001010000000000001
0001111111001001011000000001001
0000000000001111110010010111101
0000000000000000000000000000000
31
0111111111111111111111111111111
0000000111111111111111111111111
0100000011111111111111111111111
0110000001111111111111111111111
0111000000111111111111111111111
0111100000011111111111111111111
0111110000001111111111111111111
0011111000001111111111111111111
0001111100001111111111111111111
0000111110001111111111111111111
0000011111001111111111111111111
0000001111101111111111111111111
0000000000000101011111111111111
0000000000000011011111111111111
0000000000001000111111111111111
0000000000000010111111111111111
0000000000001100011111111111111
0000000000000000000000011111111
0000000000000000010000001111111
0000000000000000011000001101111
0000000000000000011100001100111
0000000000000000011110001100011
0000000000000000011111001100001
0000000000000000001111101100001
0000000000000000000000000011111
0000000000000000000000001011110
0000000000000000000111110000000
0000000000000000000011110010000
0000000000000000000001110011000
0000000000000000000000110011100
0000000000000000000000000111110
31
0111111111111111111111111111111
0011111111111111101011111111111
0001010001111111101000111111111
0000000011011111011110111111111
0011001110101001011100111111111
0001100010101001110101010100111
0011010010010111010100010010111
0011011001011101100000001010111
0010000101111111000000101010111
0000111000000001110111101010111
0001001101011111000000101010111
0000110001000001110111101010111
0000001001010011010111101010111
0000110001011011100010101010111
0000110101010001010110101010111
0000000000000000111111111111111
0001101010101010010001010101111
0110000110100100000111010101111
0000011111111110110000000000111
0110000110100100101011010100111
0010111110100000101001010001111
0011101110100110001000000101111
0000011100000000111111010101111
0000000111111110001001000101111
0000011000000000111111110101111
0000001111111110001010000001111
0000010000000000111111111101111
0000011111111110001100000000111
0000000000000000000000000000001
0000000000000000000000000000100
0000000000000000000000000000010
31
0111111111111111111111111111111
0011111111111111111111111111111
0001111111111111111111111111111
0000000111111111111111111111111
0001000011111111111111111111111
0001100001111111111111111111111
0001110000111111111111111111111
0000111000111111111111111111111
0000011100011111111111111111111
0000001110011111111111111111111
0000000011011111111111111111111
0000000000001111101111111111111
0000000000000111000111111111111
0000000000000001101111111111111
0000000000000100111011111111111
0000000000000010110111111111111
0000000000001000011111111111111
0000000000011100000111111111111
0000000000001001010111111111111
0000000000000010000000011100011
0000000000000000000100001010111
0000000000000000000110001100011
0000000000000000000111000010011
0000000000000000000011100001101
0000000000000000000000110011101
0000000000000000000010111001001
0000000000000000000101010100101
0000000000000000000111100010010
0000000000000000000101100101010
0000000000000000000000011110000
0000000000000000000000000001110
26
01111111111111111111111111
00011111111111111111111111
01001111111111111111111111
00100111111111111111111111
00010111111111111111111111
00000000111111111111111111
00000100011111111111111111
00000110011111111111101111
00000011011111111111100111
00000000000111111111101111
00000000010011111111110111
00000000001001011111111111
00000000000100011111111111
00000000000010110111101111
00000000000110001111110001
00000000000000100000011111
00000000000001010000011011
00000000000000011000111001
00000000000000011100000111
00000000000000011110011000
00000000000000011011000110
00000001110001000010100000
00000000101000100010110000
00000000000000101101011000
00000000000000100101011100
00000000000000000001111110
31
0111111111111111111111111111111
0011111111111111111111111111111
0001111111111111111111111111111
0000001111111111111111111111111
0001000111111111111111111111111
0001100011111111111111111111111
0000110011111111111111111111111
0000011001111111111111111111111
0000000100111111111111111111111
0000000010111111111111111111111
0000000000010011111111111111111
0000000000001011111111111111111
0000000000100101111111111111111
0000000000110001111111111111111
0000000000001101111111111111111
0000000000000000101011111111111
0000000000000000010111111111111
0000000000000001000111111111111
0000000000000000110011111111111
0000000000000001001011111111111
0000000000000000000000111111111
0000000000000000000010111111011
0000000000000000000000001101101
0000000000000000000000100000111
0000000000000000000000010001101
0000000000000000000000011000011
0000000000000000000000111100000
0000000000000000000000010110010
0000000000000000000001000111000
0000000000000000000000101010100
0000000000000000000000000011110
28
0111111111111111111111111111
0011111111111111111111111111
0001111111111111111111111111
0000111111111111111111111111
0000010111110011111110001111
0000001000101011111111111111
0000100111010111111110001111
0000010000101011111111111111
0000010101101011111110101111
0000010100101001111111111111
0000001000001111111111111111
0000010111101011111110001111
0000101000000101111111111111
0000110111010010111110001111
0000000001001000110101111111
0000000000000110110101111111
0000000000000000001101111111
0000000000000000100011111111
0000000000000011010010110111
0000000000000000011011110111
0000000000000011100001110111
0000101010010100001000000111
0000101000010100000001010111
0000101010010100000001000111
0000000000000000001111110111
0000000000000000000000000011
0000000000000000000000000001
0000000000000000000000000000
61
0001010000001001100010101011000111111011111101111011000011000
1011010110101101111101010101011001001010010100100100100100100
1001010100001001100000100001101101001010111101111011010001111
0000010000001000100010101011000111111011111101111011001111000
1111010110101101111111010101010000001010010100100100100100100
0000000000001000000010101011101111111011111101101011001111100
1111110110101101111111110101010000000010010100100000100100100
1001010000001101100100010100101101001010111100110011101100111
1011010100001101010101010101101101001010111100100110110100000
1111111110101101111111111101010000000000010100100000000100100
1011010110001101010101010101101101001010011100100100110100100
1111111111101101111111111111010000000000000100100000000000100
0000000000000000000010101011101111111011111101101001001111111
1011010000001001111000010101100101101010111101101111110000000
1111111111111101111111111111110000000000000000100000000000000
0001010000001000100010101011000111111011111101111011001011000
0000010010101000000111101011100111111011010101100010001111100
1011010100001001100000100001000101001010111111111111010001011
1011010110101001110001100001010001001010010111111110010001001
1011010000001101011000010101101101101010111100101111110000000
0110000110100100011101010100010010111111010110100100110010110
1011010100001101010100010101101101101010111100100111110000000
0100100110100100000111001111111010010111010100100000001110111
1011010000001001111000100001000101001110111111111111010001000
0110101110100100011111010110010010110101010110100100110010000
1011010000001001111000010001000101101010111101111111110001000
0110101111100100011111010100010010110101000110100100110010010
0000000100000000000010001010101111111011111101101001101111111
1101101001010001011010011110001100110100101011101101100000001
1011010110101101110101010101101101001010010100100100100100100
1001101001010111111010011110000111110100101000011001100000001
0100101001010010001010101010000010110101101011011011011011011
0110101111110110011101010100110000000101000010000100111110110
0000101001010010000010101010100110110101101011011011011011011
0110101111110010011000110000010010010101000011001101010111110
0110101111110110011101010100010010000101000010000100111110110
0000001001010010000000101010101111110101101011011011011011011
1111111111111111111101000101010000000000000010010110110000000
0000000001010010000000001010101111111101101011011111011011011
0110101111110110011101010100111000000100000010000100111100111
0100101001110010101010101010010010110101000011011001001011111
0000000000010010000000000010101111111111101011011111111011011
0100101001010010101010101010010010110101100011011011001011011
0000000000000010000000000000101111111111111011011111111111011
1111111111111111100101100101011000000000000000010110010000011
0100101111110010000111101010011010010101000010010000001111111
0000000000000000000000000000001111111111111111011111111111111
0100111011111110100111101011110010110001000000000010001111000
0100101111110010100011101010010010010101000011010000001111111
1011011101011011100000100001001101001000101001011011010001111
0100101001111010000010101011111010110001100001001001001111110
0100101011110010101010101010010010010101000011011000001111111
1011010001011011111000110000000101101010101011011111010001000
1101111101011011100000100001111000000000101001011011000101111
1110101011110110011111011110111000100100000010000100110000001
1010000000010111011111011110101101001110111010000100101000001
0110101111110110011101010100111000000101000010000100111100110
0100101111110110000111101010111010010101000010000000001110111
1001000010000111011101011110101101001110011110010000101100001
1101111011110111101101011100111000000100000000010000101100101
1101111011110111100111011110010010110100000000010010100010000
31
0111111111111111111111111111111
0000011111000111111111111111111
0100011101000111111111111111111
0110011100000111111111111111111
0111001100000111111111111111111
0000100011111111101111111111111
0000010011111111101111111111111
0000011011101111101111111111111
0011100000111111110111111111111
0001100010111111110111111111111
0111100000011111111011111111111
0111100100000111100011111111111
0111100000010011100011111111111
0000000000001000111101111111111
0000000000000100011111111111111
0000000000000110011110111111111
0000000000000011011101111111111
0000011100011000000000111111111
0000000011011000010000111111111
0000000000111000011000111111111
0000000000000100111100111111111
0000000000000001011110111111111
0000000000000000000000000111111
0000000000000000000000100011111
0000000000000000000000110001111
0000000000000000000000011000111
0000000000000000000000001100111
0000000000000000000000000110111
0000000000000000000000000000011
0000000000000000000000000000001
0000000000000000000000000000000
31
0111111111111111111111111111111
0000001111010111111111111111111
0100001111000111111111111111111
0110000111000111111111111111111
0111000011000111111111111111111
0111100001000111111111111111111
0001110000111011111111111111111
0000111000111011111111111111111
0000011100111011111111111111111
0000001110111011111111111111111
0111110000001101111111111111111
0011110000101101111111111111111
0111110000000001111111111111111
0000001111001001111111111111111
0000000000111100111111111111111
0000000000000010111111111111111
0000000000000000000001101111111
0000000000000000100000101111111
0000000000000000110000001111111
0000000000000000111000000111111
0000000000000000111100000011111
0000000000000000011110010001111
0000000000000000001111010001111
0000000000000000111110000010111
0000000000000000000111110000111
0000000000000000000011111000111
0000000000000000000001101100011
0000000000000000000000011110001
0000000000000000000000000011001
0000000000000000000000000001100
0000000000000000000000000000010
27
011111111111111111111111111
000011011111111111111111111
010001011111111111111111111
011000011111111111111111111
001100101111111111111111111
000110101111111111111111111
011100010111111111111111111
000011000111111111111111111
000000110111011111111111111
000000000001111111111111111
000000000101011111111111111
000000000000111111111111111
000000001010001111111111111
000000000000101111111111111
000000000000000000011111111
000000000000001000001111111
000000000000001100000111111
000000000000001110000011111
000000000000001111000001111
000000000000000111100000111
000000000000000011110000011
000000000000000001111000011
000000000000000000111100011
000000000000000000011110011
000000000000000000001111011
000000000000000000000000001
000000000000000000000000000
30
011111111111111111111111111111
001111111111111111111111111111
000011111111111111111111111111
001001111111111111111111111111
000100111111111111111111111111
000010011111111111111111111111
000001011111111111111111111111
000000001011111111111111111111
000000000111111111111111111111
000000010011111111111111111111
000000000001111111111111111111
000000000000011111111111111111
000000000001001111111111111111
000000000000101111111111111111
000000000000000101010101101111
000000000000000000111010111111
000000000000001101000101101111
000000000000000100011100111111
000000000000001011000101101111
000000000000000010101010111111
000000000000001010100010111111
000000000000000100011010111111
000000000000001011100001001111
000000000000000101011100010111
000000000000000000000011010111
000000000000001010100010000011
000000000000000000000001110001
000000000000000000000000011000
000000000000000000000000001100
000000000000000000000000000110
31
0111111111111111111111111111111
0011111111111111111111111111111
0000111111111111111111111111111
0010011111111111111111111111111
0001011111111111111111111111111
0000001111111111111111111111111
0000000111111111111111111111111
0000000001111111111111111111111
0000000100111111111111111111111
0000000010111111111111111111111
0000000000001111111111111111111
0000000000100111111111111111111
0000000000010111111111111111111
0000000000000001111111111111111
0000000000000100111111111111111
0000000000000010111111111111111
0000000000000000011111111111111
0000000000000000000001111111111
0000000000000000010000111111111
0000000000000000011000111101111
0000000000000000011100111100111
0000000000000000001110111100111
0000000000000000000000011111111
0000000000000000000000001111111
0000000000000000000000000111111
0000000000000000000000000011111
0000000000000000000111000000011
0000000000000000000011000010001
0000000000000000000000000011001
0000000000000000000000000001100
0000000000000000000000000000010
31
0111111111111111111111111111111
0011111111111111111111111111111
0000001111111111111111111111111
0010000111111111111111111111111
0011000011111111111111111111111
0011100011111011111111111111111
0001110011111011111111111111111
0000111001111011111111111111111
0000000100111111111111111111111
0000000010011111111111111111111
0000000001001111111111111111111
0000000000100111111111111111111
0000000000010101111111111111111
0000011100000000111111111111111
0000000000001100111111111111111
0000000000000110011111111111111
0000000000000001011111111111111
0000000000000000000000111111111
0000000000000000010000011111111
0000000000000000011000001111111
0000000000000000011100000111111
0000000000000000011110000011111
0000000000000000001111000011111
0000000000000000000111100001111
0000000000000000000011110000111
0000000000000000000001111000011
0000000000000000000000011100011
0000000000000000000000001110001
0000000000000000000000000111000
0000000000000000000000000001100
0000000000000000000000000000110
30
011111111111111111111111111111
001111111111111111111111111111
000111111111111111111111111111
000011111111111111111111111111
000001111111111111111111111111
000000111111111111111111111111
000000000111111111111111111111
000000100011111111111111111111
000000110001111111111111111111
000000011000111111111111111111
000000001100111111111111111111
000000000110011111111111111111
000000000001011111111111111111
000000000000001111111111111111
000000000000000011111111111111
000000000000001001111111111111
000000000000000100111111111111
000000000000000010011111111111
000000000000000001011111011111
000000000000000000000111111111
000000000000000000010111011111
000000000000000000000011111111
000000000000000000000001111111
000000000000000000000000111111
000000000000000000101000001111
000000000000000000000000101111
000000000000000000000000000111
000000000000000000000000000001
000000000000000000000000000100
000000000000000000000000000010
31
0111111111111111111111111111111
0011111111111111111111111111111
0000111111111111111111111111111
0010011111111111111111111111111
0001001111111111111111111111111
0000101111111111111111111111111
0000000111111111111111111111111
0000000011111111111111111111111
0000000001111111111111111111111
0000000000011111111111111111111
0000000001001111111111111111111
0000000000100111111111111111111
0000000000010011111111111111111
0000000000001001111111111111111
0000000000000100111111111111111
0000000000000010011111111111111
0000000000000001001111111111111
0000000000000000100111111111111
0000000000000000010111111111111
0000000000000000000011111111111
0000000000000000000001111111111
0000000000000000000000011111111
0000000000000000000001011110111
0000000000000000000000000111111
0000000000000000000000010110111
0000000000000000000000000011111
0000000000000000000000000001111
0000000000000000000000101000011
0000000000000000000000000001011
0000000000000000000000000000001
0000000000000000000000000000000
31
0111111111111111111111111111111
0011111111111111111111111111111
0001111111111111111111111111111
0000111111111111111111111111111
0000001111111111111111111111111
0000100111111111111111111111111
0000010011111111111111111111111
0000001001111111111111111111111
0000000100111111111111111111111
0000000010011111111111111111111
0000000001011111111111111111111
0000000000001111111111111111111
0000000000000011111111111111111
0000000000001001111111111111111
0000000000000100111111111111111
0000000000000010011111111111111
0000000000000001001111111111111
0000000000000000101111111111111
0000000000000000000111111111111
0000000000000000000011111111111
0000000000000000000000111111111
0000000000000000000010011111111
0000000000000000000001001111111
0000000000000000000000100111111
0000000000000000000000010011111
0000000000000000000000001001111
0000000000000000000000000100111
0000000000000000000000000010011
0000000000000000000000000001001
0000000000000000000000000000101
0000000000000000000000000000000
31
0111111111111111111111111111111
0011111111111111111111111111111
0001111111111111111111111111111
0000111111110111111111111111111
0000001111111111111111111111111
0000101111110111111111111111111
0000000111111111111111111111111
0000000011111111111111111111111
0000000001111111111111111111111
0000000000111111111111111111111
0000000000011111111111111111111
0000000000001110111111111111111
0001010000000010101111111111111
0000000000001000111111111111111
0000000000000101100111111111111
0000000000011100000111111111111
0000000000000001011111111111111
0000000000001011000111111111111
0000000000000011010111111111111
0000000000000000000011111111111
0000000000000000000001111111111
0000000000000000000000111111111
0000000000000000000000011111111
0000000000000000000000001111111
0000000000000000000000000111111
0000000000000000000000000011111
0000000000000000000000000001111
0000000000000000000000000000111
0000000000000000000000000000011
0000000000000000000000000000001
0000000000000000000000000000000
11
01111100000
00010110101
01010100101
00000111101
01110100001
00000011111
10101001010
11101000010
10001011010
11111000000
10000011110
32
01011111111111111111111111111111
00111111111111111111111111111111
10001111111111111111111111111111
00100111111111111111111111111111
00010011111111111111111111111111
00001001111111111111111111111111
00000100111111111111111111111111
00000010011111111111111111111111
00000001001111111111111111111111
00000000100111111111111111111111
00000000010011111111111111111111
00000000001001111111111111111111
00000000000100111111111111111111
00000000000010011111111111111111
00000000000001001111111111111111
00000000000000100111111111111111
00000000000000010011111111111111
00000000000000001001111111111111
00000000000000000100111111111111
00000000000000000010011111111111
00000000000000000001001111111111
00000000000000000000100111111111
00000000000000000000010011111111
00000000000000000000001001111111
00000000000000000000000101111111
00000000000000000000000000111111
00000000000000000000000000011111
00000000000000000000000000001111
00000000000000000000000000000111
00000000000000000000000000000011
00000000000000000000000000000001
00000000000000000000000000000000
49
0010010100001011010001011001111010111111100010010
1010110101101111010101011001010010100100100100100
0000100001000000001100100011110111101101111111011
1110110101101111110101010000010010100100100100100
1000000001000010001110000011110111101101101111011
0010100001001101000101111001011011101110011100100
1111110101101111111101010000000010100100000100100
0010110001001101010101111001010011101100110100100
1111111101101111111111010000000000100100000000100
1000000000000010111010000111110111111101100011011
1010110101001101010101111001010010101100100100100
1111111111101111111111110000000000000100000000000
0010100001000000000100100011110111101101111111011
1010100001001010100111100101010011111100011100100
0010010100101000010001111011111010110101110010010
0010100001001110100111100101010011111100011100100
1110110100101010011111100100010110110100010100000
0010110000001101000101111001010011101110111100100
1101010100101111010001011000001110110111000010010
1000000001000010001010000111110111111101101011011
1111011100101010011001011000001100110110010010010
0010100001001000000100100011110011101101111111011
1101101011000000001110000010100101001101101111011
0010100001001101100101100101010011111110011100100
0011101011011101100101110001000001011010011100100
1111111110111010011011101000001100010000010010000
1101011110110101111010011100001100000010000001101
0001001010010000101010100110101101011011011011011
0101011110110101111010011110001100000010000001101
0000001010010000001010101111101101011011011011011
0111101111111101110101111000000000000010010100100
1101011110110111010001011000001000010011100010110
0000000010010000000010101111111101011011111011011
1101001010110010101010000110101100010011001011011
0000000000010000000000101111111111011011111111011
0111111110111000010001100010101000000001110110011
0101001010010010101010000110101101010011011011011
0000000000000000000000001111111111111011111111111
0111101111111111100101100100000000010000011100100
0101011110110101110010011110101000000010100001101
0000011010010101101010011111111001001010001001101
1101101011110000001100100010100101000001101111011
1101001111110010101010000110101100010001000011011
1000000011010010001110000111110111001001101011011
0101011110110101110000011010101000000011100001111
1101011110110111111010011100001100010010000000100
1010100001011010101111100101010011111000011100000
0101011110110101110000011110101000000011100001101
1101011110110111111010011100001100000010000001100
57
001010100000000001011111011110110101001110110110100100101
100000000001000010000010001011111111111011111101101001101
010010110100000101111000010100101101101010110100001111110
111010110101101111110101010100000101001010010100100100100
010000010100000100100010101011101111111011111000011011001
111110110101101111111101010100000001001010010000100100100
010010010101000111100000100001111101001010110101111011010
110000000100000100100010101011101111111011111000011011001
111111110101101111111111010100000000001010010000000100100
110000000000000110000010101011101111111011111100101011001
111111111101101111111111110100000000000010010000000000100
101010010100000111100100010100110101001010110101110011101
111010110101000101010101010100100101001010110100100110110
111111111111101111111111111100000000000000010000000000000
111010110101100111010101010100100101001010010100100100110
110000000000000010000010101011111111111011111101101001001
101010010000100001011101011110110101001110010110110000101
010010010100000100100010101011101111111011111000011011000
110000000100101110000111101011001111111011011100000010001
010010110101000101100000100001111101001010110011011111010
010110110101101101110001100001011001001010010010011110010
011010110100000101011000010100100101101010110100101111110
001101100001101010011101010100000010111111011011000100110
011010110101000101010100010100100101101010110100100111110
111101001001101010000111001110010010010111011101100000001
010010110100000101111000100001101101001110110010011111010
001101101011101000011111010110000010110101011010000100110
010010110100000101111000010001101101101010110000011111110
001101101011111000011111010100000010110101001011000100110
101101001011111010000111101010010010010101001111100000001
000101001010010000101010101011011010110101101011011011001
001111011110111001100111011110000010110100001000010010100
100101001011111010000111101011010010010101001011110000001
000001001010010000001010101011111010110101101011011011011
101101101011111010011101010100000000000101001111000100111
000000001010010000000010101011111110110101101111011011011
100101101011111010011000110001001010010101001011001101010
101101101011111010011101010100000010000101001011000100111
000000000010010000000000101011111111110101101111111011011
011111111111111101111101000100000000000000000010010110110
000000000000010000000000001011111111111101101111111111011
101101101011111010011101010100010000000100000111100100111
000101001010011010101010101011011010110101001011011001001
000000000000000000000000000011111111111111101111111111111
101101101011111010011101010100000000000101000111100100111
000011011010010001011010011110111100110100100010101101100
011111111111111101100101100100010000000000000001110110010
101111011110111011101101011100010000000100000100110000101
001010011010010001111010011110110111110100100000011001100
111101001110111100100111101011000010110001001100000010001
100101001011111010100011101011011010010101001011010000001
010010110111010111100000100001111101001000100001111011010
110101001010011110000010101011001010110001101101101001001
100101001010111010101010101011011010010101001011011000001
000010110100010101111000110001101101101010100010011111010
110111011111010111100000100001111000000000100101111011000
001101101010111001011111011110010000100100000110100100110
5
01100
00101
00011
11000
10010
42
010101111110111001110110011110111010001101
000101111110111101110110101010111010001111
110111011111111001110100111010111010110000
000001001010000101001101111111111111000000
110100000011100001001100010101111110011001
000010011000000000001101111111011111110010
001111000010000011001011010101011101110010
000110101111110111100010000000111000001101
000010100100110110100010101010111000011111
000111100011110111100010000000111000011101
000001001001000000001101111111111111100010
110101101000100001001100010101111010001101
000101100010000011001011010101101101001111
000111100011100111000010000000111000111111
000111111111110111100010000000011000000101
101011100011100011000010000000111000111111
111111000011000000001001010101111101110000
000001001010000010001101111111111111100000
000111100011110111000010000000111000011111
000111111111111111101010000000001000000001
111000011100011100100101101010001111100000
000000111100111110110010101010000000011111
001111000011000011001001010101110101110010
111010011101011100110100101010000010110000
100010110101111110110010000000000000111111
010000011100011100111101101111000111000000
000010110101111110110010100000000000111111
011000011100011100111101101011000111000000
000010110101111110110010101000000000011111
111000011100011100111101101010000111000000
000001100000001000011101111111000111111010
000000000000100000011101111111100111111110
000000000000000000000111111111110111111111
111000011101011100110101101010000011100000
000000111100111110110110101010000000001111
111010011101011100110101101010000010100000
110110011101101000110100010111000010010001
110100010011101001011000010101000111001101
001101100010001011011011010101000101100110
001111100010000011011011010101100101100010
101110010101001011011001010101000101110000
001101100010000011001011010101110101001110
28
0000011111011111111111111111
1011010001011111111111111111
1000010111011111111111111111
1010010101011111111111111111
1111000000111111111111111111
0000101110111111111111111111
0111100000111111111111111111
0100101010111111111111111111
0101101000111111111111111111
0000111110011111111111111111
1111000001011111111111111111
0000000000001111111100000000
0000000000000010000011111110
0000000000001010000001111110
0000000000000000000011111111
0000000000001110000000111110
0000000000001111011101000000
0000000000001111001101000010
0000000000001111000101100010
0000000000001111000001110010
0000000000010101111100000001
0000000000010001000010111011
0000000000010000110010011101
0000000000010000111010001101
0000000000010000111110000101
0000000000010000111111000001
0000000000010000100010111101
0000000000011101111100000000
12
010101100111
000100111111
110101100011
000010111111
111001100011
010100110111
000000011110
101010001000
101011000000
001010011000
000000011101
000000111100
34
0110101100010100011010101010101111
0011111101000001100101010101010111
0001111101000011010001010101011111
1000000010111011010001010101111111
0001011100001011010001010111101111
1001000010101011010001011110101111
0001010100101011010001111010101111
0001010010101011010011101010101111
1110101000010100011010101010101111
1001111110111110101100000000000111
1110100010010100011010101010101111
0110111100000100011010101010101111
1110000010110100011010101010101111
0111111100000000011010101010101111
1100000010111100011010101010101111
1000000011111110110001010101010111
1011111110111110001100000000000111
0100000001000000100111111111111111
0111111100000001010010101010101111
1011111110111111001000000000000111
0111111001000001100101010101010111
1000000011111110101100010101010111
0111110001000001100111010101010111
1000000111111110101100000101010111
0111100001000001100111110101010111
1000001111111110101100000001010111
0111000001000001100111111101010111
1000011111111110101100000000010111
0110000001000001100111111111010111
1000111111111110101100000000000111
0100000001000001100111111111110111
0000000000000000000000000000000001
0000000000000000000000000000000100
0000000000000000000000000000000010
