464198399
267368820
414822128
3820784
619521235
500819970
219186058
786951230
566622718
39286687
67128360
84585308
900275147
791278755
979146718
280111636
417463821
715708425
370944934
246642882
289767745
818855021
0
84892070
0
726613560
844341915
95076360
850235941
640926519
899872512
119674902
325268566
260928420
267245512
480425968
173777501
489638726
225210260
759428912
0
222012367
943551932
195118253
759942895
975430743
0
54094369
320662533
500545676
314768932
20437984
906323808
0
106016638
698756686
618443052
783983566
926711927
940792950
698901365
222513804
572413008
996347249
0
646365468
823466821
141585551
965034831
252385208
428515959
967098236
0
0
257162903
725286141
729552099
450118052
129998718
434807123
890348473
0
956304460
52264480
309048068
894966390
665549606
295374631
343041279
229041356
261160153
197770572
0
460402601
36615855
0
611620
391137163
392864161
844125084
0
210812915
308541087
274173569
618097526
212209257
843224728
145956943
787544218
345181155
963888139
888029631
93325634
53325264
560436696
0
20654378
814523753
0
305252728
368364332
221363481
165959898
0
148117322
319814920
0
0
727254234
236330531
685090436
119374898
495164366
462
821164006
283717592
0
386635795
357824768
676228164
865318000
548980631
698033361
508998909
0
508120039
652469179
346528118
888216865
416299841
972211478
196987282
96492638
847286656
868410869
296874362
307782332
980339716
321441626
335341806
627239918
551109628
0
130602027
237084444
0
0
700774901
0
135446689
55137864
653349590
110954369
173060578
337348374
608008384
136209390
602019830
527838080
331470261
700805637
399384300
864763729
687173423
866984993
875298887
772189562
58694985
301996106
24879516
486040030
546048698
731383526
744164093
894050373
288253057
482411712
229628756
578994
573208285
0
141852674
248442251
857489276
986820687
578898699
404774025
138389129
937949287
708859020
994941131
638290626
53800171
426031655
984155839
319622239
303103919
390915924
581263808
357600568
567888173
685416720
807630074
272098400
635921214
96635083
278103893
135770557
0
969437829
606346077
17286117
926718937
416999833
709979935
543457046
301500874
431820299
351833241
703565086
987916196
138542457
648189578
9631188
0
7184023
976543792
551576660
58202349
821785346
667055951
370551473
0
684536997
319502347
590882000
538655209
884780473
636206171
996318912
172614296
19898404
189590980
543913790
445160762
751605468
882778536
138709164
0
112103390
22169109
787990558
640135755
0
443639588
736950925
670123606
917910206
822718902
663062196
164221515
372268580
512766399
0
19957530
754453298
183723939
87820766
0
841038102
120348012
621011544
134586303
72651412
410488352
0
305592695
275752604
697649239
528013681
420613958
30552828
460481318
701799864
370204789
234419679
372976785
406251434
640102442
85290364
844864948
20509344
427290462
0
640387022
478812988
89078769
992379786
77768250
953697420
112961509
246404226
584697428
542689773
991898648
263191014
122577379
229248892
19417666
68870142
963297572
230309260
0
797496961
938573808
902984257
311101846
328205814
697385206
900505139
571790964
211786049
822784474
92704514
457263601
204644550
649059270
4815914
366794453
178328603
529987888
375379164
305504265
576803537
570587423
637757821
97064686
872981773
438539459
697809220
63295339
679145479
650428652
0
955786648
559902978
541949648
191299114
896395230
197209394
658518670
114456816
660184255
0
518757077
324601703
273147928
661592745
218204437
83609614
706981162
12620256
745664462
738276086
414434674
14336367
656060235
398345970
369369320
522834047
483694914
812127037
300120659
737716962
320560588
32319775
189684936
650595111
469102680
0
0
180370220
74323040
75701981
353239897
0
153817091
525402498
995465173
326717914
785936709
891418838
593111229
387576406
922038771
318714546
20692993
216911711
884708366
869772525
315334214
789446482
698771539
522265523
389185425
856216070
259924029
617989296
889600844
0
648530349
925568564
889421400
772175788
450992035
681434197
0
893355659
367419786
669574512
568314810
844966099
902028693
1663740
917887621
167783528
543438327
910326597
727189483
351815087
501373663
506938220
0
16600888
0
630821918
690321207
717651148
517489843
961590882
845020176
144290848
809023759
453609738
276103090
0
765073002
248498610
956834998
42804935
806205406
0
147602129
730222280
0
868037680
871959979
412867071
823305741
512446796
271201561
284937392
387796884
621994833
801727753
777807033
766879968
213049210
51925427
155035784
437606160
166859475
100839439
870171796
63096291
897178826
944662962
197337174
93328403
927535879
774890502
959676296
207980427
472238596
894758612
896241954
950278997
436615294
48378468
576298088
0
333700869
549203808
211197911
0
621444550
251588258
379135820
307446905
723454788
135686597
0
104707888
1
618591636
807839215
431438019
309659864
896961605
67817608
346779746
475101619
251390262
139082668
260641845
974458434
158182812
708329838
6038243
637861077
823124060
548262413
656103774
568240012
558048261
584085668
539599861
844785843
554327213
132961947
709925901
129526541
280555057
522300926
335103958
557845
891531782
896287763
383030220
226045365
582776111
510014980
296136388
134757467
711780666
369818704
47483129
823741518
721431096
0
505839063
148097587
47841501
973320442
91656692
902835205
20706
278184955
780395489
722818684
161507141
202943864
385934866
704833615
963869594
945623141
428195934
490599925
888116903
766771061
850492246
0
132932672
623154042
992636116
795693105
480888977
875364719
744939759
492519198
960164790
912320106
416019902
774856319
866703650
773015577
88243160
415151946
0
865058712
342760452
952782799
734495942
771758576
109879547
19448
798362345
999477107
847815693
335620750
30239757
872542005
185264863
714413974
31275916
162831110
684030666
0
825122914
715718592
165649327
398500410
530345431
122615022
0
116313153
819854363
352157878
95396198
880778923
151396584
189263344
795859543
172786023
202269343
609815402
750894439
573023718
362310435
581331803
474635410
799570889
547204960
428176389
826438144
934094440
311846772
616767288
720527597
964330461
464342542
360164813
918346257
292392495
0
898783130
350425600
70454134
799143801
517743846
225837420
370071992
580345440
487377519
536598914
573506257
624797140
194570431
956277354
0
277737547
0
724056099
740707605
969266680
707747352
103565164
0
707947584
431215752
0
860235612
270335046
126230382
66057475
902768084
736185639
679217825
600267366
383402352
431086550
460181021
282315120
85338212
132542564
874359968
0
881012462
359031252
0
513930456
652712585
139141007
445052757
154870546
222968734
518244662
147258156
573570285
542657152
183628761
127206538
199541334
884651050
578870936
637237044
935985101
480821201
845209529
749992864
568991979
808661991
726031158
941143944
172331771
0
0
936291768
395301664
0
0
0
0
883509747
149468651
456765755
389993183
975649169
124681791
859079140
181015581
205136973
113431934
953420227
283891791
0
725210396
903389910
459502854
705031897
908064887
566400551
0
543273833
159385094
597099786
944956844
141904703
630023338
171655797
288934799
180828865
59856930
417807937
398240676
698177131
734605755
508821777
605575510
233318562
304195186
72541019
637106508
240057187
942250022
202383770
912641160
952330842
927741204
187781844
592031983
360116866
79067585
350343565
861842035
902773089
454043699
430336391
0
866875141
245544911
2437458
530804486
911036792
7680732
302821261
986997294
264752293
206093243
882218293
428219484
614469265
195257542
677754809
163604015
600058757
570120279
71917260
592308183
0
576871816
120362694
291278120
0
2869685
210328941
748594306
57622485
0
14759895
681196733
589521487
66467308
116755731
456267487
148508929
0
866707212
908682261
197732063
421517048
289924013
653856390
714775018
743565650
246843649
822453410
273471003
0
282976250
0
679852152
636611198
0
148525062
641814863
980582905
385219804
677573794
177204696
581151429
513500280
344176329
334329538
469921516
864376365
0
672462979
650773818
474921902
870372170
216452534
0
930213758
892724063
878628091
0
168759719
936095906
917775336
957376924
184459504
690586450
732571838
848857869
908492262
650821087
572597436
515465041
775114344
472823882
883779303
604828635
0
607029019
416619529
1
606497430
93612251
27025360
275022884
798586236
316963378
676871796
606010661
942792784
512387204
395871590
871694022
467127313
0
175213384
396337814
0
808397688
882413829
429788104
239220281
555075289
83448446
0
0
922504606
0
124450097
450732659
428504924
572764678
312331412
724812669
6545
339118989
11083485
910041442
618683390
175956405
216993378
360894425
218621623
443597355
734041892
416063361
742653945
551967474
0
966515251
915935173
251030990
219539629
932937414
6146172
3400025
0
83823644
514405163
832397780
603569071
647468282
216916319
329639735
434827734
340737808
994828710
6786
327812731
450882668
0
75179593
830151064
796121409
690564208
507203738
326126264
523332545
0
622230525
40952469
51316493
167127947
156615894
477921475
887696990
148867452
98280
741677473
5288323
81618426
681623611
784240726
575581349
837763552
160297766
816533400
602788480
948481918
206901228
0
850999858
55411149
36686866
