9017
2439
1634
5859
5510
7008
1234
6272
4012
9024
3815
4344
2700
8772
8241
8730
415
7152
1336
9912
8152
7837
9857
78
9625
1172
223
2531
2419
2079
10016
4796
2454
3124
3473
7494
3900
8968
757
1344
3602
9380
7159
6098
43
769
7205
876
3416
8237
587
8237
4796
1713
3834
3064
21
8865
5544
6542
2638
790
9132
7941
7811
9879
4596
4352
5268
6117
5499
7082
4536
7341
7924
1311
7724
6721
4519
8046
4854
8317
4571
1066
9716
6418
7653
4739
5340
1950
1160
9868
9068
1890
5466
3534
3900
7888
2367
3788
1822
8768
3243
9811
2107
6407
774
9945
530
4932
9209
8605
9217
4317
9695
6083
3161
8148
5031
769
8816
976
2092
8086
6250
4932
491
7810
8468
8778
9340
2545
3815
3124
4425
8029
4137
6725
3961
1234
4308
6786
6062
2682
6986
3875
9050
1046
9690
7038
2614
9883
2217
6744
1481
5384
8939
9196
6010
1958
1713
318
5361
541
6658
1709
743
4844
4983
9392
8906
2708
9859
855
2975
5653
1614
9442
3996
8863
4335
7972
4732
837
6098
4913
6625
3580
2103
3124
9571
1562
1413
8042
6010
4335
6625
9737
10016
3546
9198
9716
4232
5612
1958
2028
6732
2405
1860
2541
8266
396
4246
5510
1393
9565
7888
7395
7526
6208
6012
6658
7341
5124
3258
2808
1293
3385
3669
7164
5292
5216
8604
1650
6526
2917
3269
2382
6140
6661
1
4588
9955
3799
885
7008
1303
8939
8984
8332
3208
1814
6471
5832
8165
3204
3124
1563
9918
6098
7888
1752
4368
7653
8460
3269
1087
1912
931
8241
8911
7592
3033
7650
665
1385
6407
3799
1361
6322
2755
1592
4839
3401
5002
717
9340
8772
2343
7428
1234
5971
7432
4466
5422
4693
501
6717
158
8944
1174
9298
1144
6252
7801
3485
3313
9690
5361
7526
3760
8939
5194
7050
3313
813
3248
7972
9716
5898
6982
1962
4979
6559
3911
3784
1006
3479
4191
4739
1418
3666
9101
5300
280
5113
559
8525
743
1234
2170
4867
4673
2541
1702
530
2226
1006
1699
1892
396
7205
1172
8218
8068
7833
731
4545
2812
626
2530
806
8423
2504
1120
8906
5357
3364
9743
10066
599
6117
7482
7544
8856
2873
3269
1242
2383
4202
5515
1334
9234
9121
9737
4140
8366
9918
4979
4258
319
9955
9046
8130
5173
6252
6729
5124
4382
1334
5701
5510
4932
1831
2408
2854
8786
1650
8708
2753
5932
2439
4971
1849
5918
158
6704
1742
626
4246
7036
1871
3254
6542
6098
9955
6175
1513
9567
4137
1519
9868
6542
6955
2183
5384
3334
976
6466
7724
8853
7432
1650
3115
8906
3580
6810
8315
1478
3961
174
1486
2439
1962
8968
7397
8816
3852
7941
9541
1444
9859
5701
3548
4014
822
4700
3302
9946
2194
7307
10034
5559
5556
2943
1165
9859
8705
4202
5671
5384
9046
600
2474
4140
8156
4322
3969
6334
3161
318
3240
5395
8968
5556
2366
2692
3150
96
319
1494
8315
3944
3630
4102
7810
4150
6732
2953
3758
5395
3826
2062
5686
7064
8968
7810
2370
6986
6553
3799
5573
8530
5815
4191
7237
743
8155
4403
1172
5194
9388
1172
7698
2533
9348
1168
8944
2087
43
7810
2533
1336
7159
9912
3758
5664
43
9211
2535
1475
1614
1442
5422
2028
1
9196
2245
2623
4571
9340
2943
1905
3496
3866
7494
3364
8029
7004
9716
9348
855
904
8688
6704
6725
4166
9953
462
6010
9712
8130
3268
7008
3492
174
1756
6986
3834
1328
4364
4693
6839
2017
2953
6212
1890
9050
1160
1267
6721
1908
4769
810
5614
4076
530
8582
5337
3110
4191
4691
1442
659
6175
7743
461
3574
9544
3115
7888
1045
9680
1046
2160
308
4769
5912
3416
1894
2630
2614
6839
3092
516
6379
4276
4571
2468
9380
5013
2189
7056
4571
3768
3600
8221
74
5242
2946
7808
9677
7369
144
5928
4035
6721
8399
5933
3957
53
2245
9696
8118
7826
4802
2854
5169
8460
1784
8317
1120
