682
707
96
570
742
494
208
386
525
526
664
521
543
545
219
434
517
419
699
335
93
534
613
437
123
302
552
253
515
427
689
655
628
218
697
597
318
398
735
354
510
252
193
581
580
319
285
665
496
526
600
248
336
386
638
690
432
243
567
600
212
648
662
341
293
773
370
539
221
451
774
188
485
671
382
699
362
569
252
404
130
285
352
416
557
696
181
387
536
757
323
672
515
527
581
117
723
479
684
264
424
302
511
633
557
713
723
268
361
166
744
340
575
711
258
618
369
382
396
100
165
706
253
226
145
511
238
202
573
471
523
296
350
214
574
170
142
464
385
570
532
334
461
552
436
651
475
91
149
717
192
268
738
716
737
360
515
754
466
538
760
166
232
31
542
342
700
230
716
386
289
398
318
504
579
236
310
260
354
580
545
436
169
303
535
727
496
244
427
526
490
664
257
660
597
630
700
189
561
450
67
528
200
385
436
219
443
717
355
170
702
608
248
779
331
453
272
346
482
222
783
647
33
345
518
461
446
628
326
404
527
635
164
469
330
667
400
214
711
76
310
208
580
78
671
166
732
706
500
380
642
658
636
586
571
632
98
518
588
30
740
112
806
512
378
660
359
538
201
463
508
381
640
462
720
707
603
405
535
407
225
394
376
397
661
314
297
414
343
584
551
804
785
205
687
710
332
342
434
660
387
230
505
648
414
455
190
70
804
99
580
274
440
474
116
367
274
299
660
264
472
209
185
691
578
247
327
783
506
579
630
526
487
363
12
240
252
388
549
326
308
725
739
600
370
714
516
450
579
561
380
483
680
658
567
340
369
440
647
662
292
413
408
382
504
480
594
682
224
157
383
511
632
501
145
349
348
704
329
285
541
458
338
504
759
63
291
544
252
463
478
281
616
587
670
516
461
134
624
323
311
474
588
636
273
299
527
105
375
645
271
744
694
635
422
550
402
723
717
121
324
754
169
127
495
740
197
626
608
182
187
712
318
598
414
602
481
755
756
502
520
330
321
299
819
635
695
226
450
598
502
570
258
585
316
508
657
392
391
452
528
341
680
539
221
425
474
703
325
324
696
161
739
405
461
468
694
532
359
508
382
285
658
648
728
550
221
366
247
588
294
602
825
395
716
372
547
95
44
509
354
17
273
531
574
402
435
577
523
732
183
699
407
84
164
800
289
776
596
345
179
640
677
696
649
517
117
409
376
215
739
404
480
733
408
243
344
217
670
518
543
180
46
137
804
97
479
333
565
761
680
459
403
687
604
690
283
278
185
710
702
384
431
737
733
513
679
754
516
525
455
709
579
591
84
202
589
188
660
405
146
640
307
308
733
447
674
101
655
364
403
510
609
608
632
656
783
403
423
399
588
313
317
400
537
590
272
388
265
381
737
17
258
319
401
302
636
438
323
468
578
289
630
523
464
642
122
442
244
270
110
400
391
537
168
720
555
389
471
239
710
383
665
421
401
476
138
703
624
402
276
579
474
315
760
503
617
268
540
798
582
299
721
390
387
790
203
661
674
463
462
366
655
565
449
593
384
747
355
763
281
171
364
449
502
152
296
651
555
143
312
177
204
359
728
680
425
405
719
305
755
75
584
384
476
561
548
170
319
463
549
591
190
613
557
671
515
411
241
452
689
363
89
668
353
820
160
50
151
247
56
270
548
232
665
643
255
656
276
149
703
675
199
319
217
615
435
276
615
270
344
164
338
298
667
674
652
334
253
310
75
691
790
394
195
370
628
241
627
353
490
374
728
688
723
397
423
127
201
511
72
359
479
749
439
275
449
737
754
637
142
10
291
247
206
407
184
217
199
567
315
690
478
157
340
523
470
97
178
561
417
155
435
152
364
686
175
125
470
289
78
526
186
207
330
419
637
714
217
417
328
496
553
465
501
100
624
682
471
330
248
426
225
574
579
535
555
617
361
370
426
183
225
332
800
637
490
91
348
272
505
202
165
257
403
279
361
477
26
669
474
462
431
704
507
602
322
468
622
783
696
355
130
340
209
108
170
588
255
333
465
704
738
389
236
655
355
637
432
742
612
610
600
627
340
609
539
649
338
640
700
510
71
597
305
738
169
683
602
266
427
408
662
141
534
450
294
44
801
511
552
625
526
572
656
424
677
172
267
298
616
586
203
432
506
642
558
592
693
630
435
345
776
199
407
500
272
538
696
555
571
732
326
480
655
568
135
188
377
707
539
499
714
690
638
224
200
195
437
508
554
324
290
495
557
181
675
525
310
302
241
675
441
489
481
246
433
670
503
739
584
694
264
642
519
509
250
387
447
225
53
42
582
634
172
756
391
529
476
578
604
678
344
111
289
581
506
360
170
537
419
446
321
9
216
339
724
664
612
717
526
778
172
382
596
442
682
430
439
285
319
288
717
265
451
506
379
102
422
410
759
270
190
611
598
691
379
184
603
625
234
374
382
537
467
446
231
206
196
412
247
353
735
77
660
782
334
761
274
695
525
403
277
297
309
374
430
207
338
782
176
715
380
212
695
382
179
758
267
730
219
379
223
360
308
342
595
347
471
606
203
608
130
310
225
680
220
513
325
394
203
444
119
604
452
41
488
656
388
428
238
561
425
600
393
534
685
439
494
658
490
572
713
447
356
71
656
375
442
549
488
374
171
358
366
525
239
389
660
729
289
634
279
331
203
64
585
461
351
667
696
738
357
723
413
336
730
294
157
168
330
89
485
526
312
396
580
200
729
805
67
515
259
204
216
685
237
158
175
265
566
158
741
534
485
644
735
818
313
267
431
677
65
488
389
469
385
260
271
276
711
239
407
209
212
637
635
782
634
347
790
576
74
427
747
616
437
180
440
193
535
59
410
231
780
655
258
489
423
410
688
258
218
290
710
112
608
384
500
354
453
643
625
244
163
395
782
667
650
587
409
371
314
406
191
565
372
555
183
714
661
21
593
719
239
402
397
651
248
804
219
204
377
744
407
420
106
279
410
629
735
361
541
528
410
652
483
309
136
259
488
134
529
437
438
356
363
421
302
93
657
579
635
649
540
675
738
239
614
328
425
284
307
600
203
708
251
748
344
782
129
126
213
601
659
704
468
534
97
291
509
554
475
571
763
367
153
434
278
182
412
250
66
536
680
300
733
42
327
299
720
639
608
430
556
690
186
211
382
468
554
275
207
404
373
487
825
580
769
197
638
132
696
674
222
303
543
762
448
732
452
171
396
157
783
419
633
455
396
489
541
647
403
510
597
254
625
418
540
546
255
403
699
232
636
666
541
214
449
398
637
411
523
572
598
195
338
205
232
686
568
503
795
185
250
580
405
485
785
599
425
534
503
448
746
542
717
748
612
148
313
715
711
398
455
185
610
406
748
322
305
315
331
142
626
209
478
800
688
423
402
400
639
435
322
526
580
396
193
608
493
339
552
96
426
218
624
669
388
402
175
353
176
321
476
149
613
747
370
437
672
475
110
279
696
72
19
640
291
74
143
783
208
782
375
619
627
360
795
696
510
154
275
588
488
593
173
440
505
326
628
502
250
548
322
696
453
619
434
444
582
663
720
339
679
156
180
565
402
236
235
758
250
245
464
191
118
743
171
381
490
609
176
387
568
756
570
414
246
780
434
514
334
428
609
699
279
133
519
618
284
212
477
75
306
80
314
296
669
492
673
396
234
220
543
723
192
345
558
287
646
247
526
696
44
360
625
726
658
680
724
778
436
417
784
621
763
614
498
16
455
277
407
211
630
475
272
73
247
297
540
423
698
306
460
521
803
416
26
310
89
318
332
517
737
529
728
171
624
377
470
431
543
300
246
687
113
540
626
275
806
631
666
370
768
171
165
580
701
316
582
584
727
147
310
143
129
593
356
350
113
665
692
417
263
278
634
200
392
638
741
548
212
776
133
492
806
361
357
303
344
557
201
277
401
78
420
373
361
351
795
535
684
294
406
151
366
306
442
760
123
621
599
459
361
109
267
729
570
56
674
182
182
549
279
77
98
592
439
709
268
774
513
291
799
542
648
533
806
292
524
425
655
612
405
411
434
320
173
241
762
495
575
509
72
239
737
116
402
703
564
681
297
162
297
720
392
521
574
470
474
393
311
105
559
199
679
128
359
166
286
553
505
569
554
315
580
580
416
769
248
657
73
420
644
268
522
486
520
377
228
700
705
671
566
333
572
282
717
150
655
103
712
498
399
392
381
559
455
476
284
202
204
121
512
472
630
380
428
188
767
166
174
743
591
292
593
524
430
98
639
270
204
588
406
279
553
420
581
729
806
114
502
119
550
416
782
572
368
307
363
351
201
257
316
529
549
113
487
412
531
542
429
23
277
448
641
640
430
798
157
378
192
228
663
615
378
510
378
477
628
443
542
216
781
516
680
157
697
442
648
719
700
769
230
123
610
547
735
100
741
446
574
561
149
391
637
720
696
747
234
670
473
464
493
541
592
527
701
326
567
641
315
771
232
334
714
688
781
276
295
727
416
549
699
714
317
598
74
465
626
349
243
279
688
252
358
23
420
329
308
87
527
537
357
567
761
402
729
826
354
612
261
638
581
112
441
785
788
575
318
157
326
586
321
655
664
561
196
260
44
733
648
477
457
215
210
275
348
394
646
687
214
421
528
534
343
756
361
293
347
313
509
447
357
478
491
658
656
703
635
93
664
363
168
367
620
587
341
673
732
677
691
634
348
128
565
537
488
454
692
740
168
622
424
537
142
230
578
145
690
551
713
78
273
220
253
72
236
254
373
546
36
141
803
551
449
689
101
283
576
713
38
284
598
549
780
724
596
197
212
580
461
306
109
568
546
714
461
233
112
397
618
536
542
395
339
683
350
341
423
640
298
265
681
663
638
558
391
739
249
590
223
415
356
260
698
407
657
95
514
203
339
589
203
391
678
141
369
588
611
580
379
372
197
651
433
75
104
558
43
172
277
244
420
387
485
567
264
534
237
127
278
586
318
754
625
532
96
394
723
257
658
662
593
268
415
761
459
625
264
527
229
483
441
153
276
804
634
247
127
724
376
677
584
105
606
804
695
442
314
679
273
562
253
780
645
298
526
330
172
396
703
384
251
732
690
475
254
325
712
597
109
177
613
338
707
89
19
115
434
591
450
454
487
412
147
452
634
228
515
180
306
666
155
262
709
378
429
410
743
396
694
508
662
414
269
283
296
511
675
460
171
740
228
728
661
141
653
67
689
568
277
420
152
423
791
690
221
135
261
618
782
366
723
369
331
144
233
368
702
587
167
481
493
646
210
161
125
524
549
300
528
690
745
385
681
359
364
139
676
396
642
345
573
674
465
410
82
241
717
433
500
309
23
447
343
360
80
572
496
92
375
458
92
561
463
482
333
624
315
518
338
308
688
334
382
220
398
506
658
440
467
502
505
596
566
379
457
807
482
703
338
457
325
472
339
594
621
307
754
155
600
497
539
618
254
524
787
411
744
704
704
392
723
188
715
336
713
665
698
487
456
488
604
529
591
341
339
737
207
231
539
404
569
328
39
692
348
328
376
755
151
653
350
70
500
103
337
376
293
428
703
297
169
610
336
667
524
639
350
163
308
75
148
242
460
615
661
136
271
517
575
427
681
411
345
649
691
683
4
723
564
382
33
339
386
520
253
324
488
578
650
733
540
11
783
680
714
524
297
321
674
305
569
400
723
449
294
567
647
635
627
415
632
638
547
347
548
128
527
495
780
735
624
655
266
489
755
692
174
192
733
149
697
386
254
282
582
387
665
265
698
289
698
581
575
198
223
657
319
402
580
476
227
67
635
403
171
246
101
661
632
509
522
301
580
736
661
370
305
177
387
258
533
539
622
607
460
469
250
680
123
472
401
769
632
689
163
220
596
741
380
81
161
527
618
824
208
313
711
60
388
285
496
487
174
361
278
379
141
339
394
558
516
169
645
732
318
600
486
553
423
456
64
634
352
304
541
261
694
399
521
123
407
310
496
427
753
409
102
553
531
294
546
257
326
231
783
646
275
804
645
736
358
612
652
185
544
783
663
601
414
649
258
427
378
415
131
637
723
649
302
276
349
567
547
482
286
548
437
521
287
446
711
496
540
783
649
437
485
402
223
486
398
422
325
182
332
141
767
668
613
427
726
641
614
159
618
422
399
510
393
112
356
430
675
480
405
480
715
396
494
407
244
469
806
357
540
485
291
531
698
270
150
463
331
241
333
693
597
512
708
467
475
214
516
656
82
498
718
126
412
587
496
750
115
529
639
441
285
198
54
265
294
349
395
691
355
626
515
298
799
669
691
279
709
463
69
270
526
755
323
209
288
664
482
662
260
423
382
715
402
422
364
86
179
712
570
258
36
111
49
714
637
150
234
651
342
247
684
182
505
417
732
525
166
301
550
356
624
250
751
580
356
370
518
403
577
638
307
341
631
623
735
557
724
615
451
798
644
601
404
498
376
317
430
509
187
88
78
165
425
781
732
617
357
476
349
379
356
680
467
479
429
537
689
391
391
467
19
282
221
348
452
361
737
136
88
395
254
762
621
412
535
509
698
243
486
580
721
135
120
160
725
655
502
428
657
329
699
677
367
114
584
655
740
207
524
445
418
364
757
625
509
446
23
324
724
730
587
373
459
575
321
439
689
327
314
741
658
497
187
36
459
672
615
86
282
201
699
474
178
597
738
340
440
493
723
589
655
678
479
638
769
636
699
472
26
394
335
504
125
248
670
442
484
159
705
299
8
644
717
447
320
763
275
545
162
362
81
230
274
461
778
62
392
640
449
671
529
446
390
476
77
687
328
567
619
371
671
596
584
500
264
679
671
118
441
735
232
414
330
795
698
14
453
717
401
741
226
198
534
579
407
363
218
413
688
415
495
639
774
805
607
475
632
590
553
127
179
190
616
584
182
465
383
579
686
652
46
675
433
667
598
218
517
215
470
396
381
370
700
604
780
428
488
446
669
672
166
307
719
269
655
188
717
373
633
79
683
723
723
427
176
214
558
623
536
670
136
439
221
623
266
271
151
265
164
644
230
565
284
552
755
660
504
328
291
51
519
454
262
447
729
344
515
314
476
269
556
137
269
331
761
310
455
450
317
344
500
124
543
100
297
323
637
737
512
465
457
267
194
351
406
534
535
723
569
405
332
723
669
511
130
375
201
596
505
43
14
657
556
251
358
140
581
355
507
421
392
610
310
667
492
713
499
565
426
352
703
798
729
92
352
680
334
741
282
101
717
407
466
562
239
685
223
253
547
423
94
252
718
451
611
505
344
632
459
709
703
270
541
511
346
549
289
783
774
132
532
441
629
375
482
783
613
685
423
305
269
521
566
372
276
488
358
241
493
810
179
513
551
537
265
397
47
376
34
445
776
319
697
285
552
397
285
405
405
442
546
102
223
174
298
374
432
702
655
305
32
598
363
314
693
562
82
303
363
659
471
687
425
172
542
555
380
691
203
476
166
247
625
440
280
475
550
804
170
557
413
625
440
727
786
296
506
630
594
824
819
198
516
240
469
258
558
763
534
36
183
372
77
398
501
238
322
421
710
452
436
388
72
354
553
107
130
224
81
456
770
656
204
694
307
375
565
634
88
283
444
57
123
729
724
207
448
480
459
536
729
549
304
542
508
87
338
232
668
269
815
205
329
354
135
743
529
189
328
580
367
556
601
76
269
58
289
166
116
223
657
130
774
628
695
490
521
768
747
628
616
688
230
765
684
336
372
113
291
621
178
569
689
582
555
453
794
630
748
186
310
641
299
377
48
306
653
706
479
346
725
261
690
294
696
443
810
529
366
162
562
280
114
764
306
598
254
488
475
456
490
52
497
272
694
465
631
338
539
521
293
751
65
806
817
118
288
571
765
372
728
727
503
94
289
737
388
488
338
356
599
719
413
388
745
390
511
294
202
597
668
56
165
170
473
488
716
211
445
493
674
689
695
661
176
428
384
530
494
719
520
379
636
510
501
239
639
194
164
402
226
506
234
625
91
723
348
191
639
775
406
712
702
268
639
506
478
667
417
208
543
368
216
352
204
272
761
511
522
445
101
345
445
414
272
627
756
315
655
181
472
454
136
730
119
779
700
576
662
699
659
242
653
628
510
156
401
389
48
190
366
335
204
588
235
355
580
550
776
272
598
569
310
18
468
600
557
403
463
324
516
575
402
321
796
717
369
741
176
710
347
724
350
311
579
769
395
407
800
667
661
670
125
168
573
628
378
307
497
129
589
400
345
33
622
507
117
388
553
719
153
706
687
590
173
378
373
561
519
489
458
495
259
755
411
664
216
337
356
465
432
156
513
612
382
90
408
375
446
622
250
682
136
373
750
596
612
492
171
404
460
412
508
290
231
299
677
536
723
161
534
249
691
686
784
689
602
453
414
600
246
696
427
101
424
455
675
449
301
458
520
605
82
636
414
570
458
805
190
492
657
744
170
96
305
251
70
371
649
492
587
287
119
639
383
487
547
786
717
683
496
268
289
527
587
666
542
154
673
315
285
622
598
600
600
387
595
268
730
260
515
339
293
404
196
598
698
589
583
790
285
230
262
606
468
185
244
168
711
669
224
143
688
515
670
220
661
555
585
423
82
598
303
572
661
452
662
289
430
212
491
500
471
219
593
64
780
588
368
193
358
101
442
214
263
751
581
613
421
394
655
780
653
447
728
687
317
715
384
370
324
534
408
700
196
520
198
681
656
249
646
109
552
531
254
264
642
169
283
82
762
225
445
690
782
719
79
278
525
136
486
452
152
432
509
687
737
324
703
703
592
260
428
418
704
76
624
351
345
664
555
444
543
388
201
466
754
295
424
585
381
153
39
261
170
553
433
427
759
741
606
285
387
134
600
190
80
740
367
369
345
391
257
554
401
710
510
635
494
348
668
542
420
568
694
234
783
805
470
500
194
150
690
321
465
529
233
144
477
532
428
525
467
382
204
191
359
439
256
167
533
502
161
800
587
641
279
308
719
756
670
401
200
253
10
334
671
112
688
805
290
318
172
296
651
656
280
627
774
759
130
486
511
527
702
430
514
396
739
506
578
42
577
218
414
627
164
602
292
639
483
237
253
345
248
662
689
566
680
200
691
811
389
498
387
649
285
540
373
261
91
22
756
232
520
820
713
399
723
356
327
37
639
680
332
191
317
516
521
292
176
469
511
557
490
257
279
740
276
442
97
657
480
661
445
120
474
418
511
185
762
417
367
600
672
120
57
598
321
754
265
316
145
107
661
737
667
461
382
294
364
604
251
225
199
521
408
190
618
240
763
403
568
580
359
561
358
474
676
387
564
431
236
185
261
543
407
238
334
751
442
629
477
742
242
627
26
506
592
106
78
390
602
601
677
557
670
261
723
745
65
289
636
332
180
301
146
586
445
294
522
419
425
399
626
652
713
263
232
146
767
619
755
689
578
518
106
549
533
410
717
604
557
314
447
581
299
307
600
482
420
433
354
749
463
325
359
678
493
218
734
563
268
563
109
403
472
403
617
677
449
629
548
389
628
177
545
608
395
199
387
142
564
346
329
260
689
718
501
476
171
570
267
586
396
798
625
523
341
418
224
815
477
488
374
401
280
303
263
294
402
468
169
638
510
402
182
553
131
499
577
320
461
248
345
396
565
612
68
513
695
103
262
319
695
407
532
292
509
594
539
170
201
453
190
478
465
340
659
371
398
636
289
386
604
436
664
45
268
432
451
429
326
623
328
493
713
156
311
675
601
360
402
477
590
276
665
179
655
683
349
696
687
607
182
231
445
687
210
552
542
158
676
775
308
695
296
383
688
760
663
493
587
474
726
94
240
185
278
618
471
519
632
478
346
525
632
499
242
92
664
710
326
429
572
78
543
304
718
489
630
306
196
465
331
502
478
306
594
563
674
366
356
609
755
434
612
575
195
464
624
649
632
324
409
492
565
751
736
195
208
90
668
113
704
514
516
296
88
779
97
78
253
386
193
212
486
685
770
533
727
289
216
664
632
649
356
481
86
693
704
180
551
431
457
490
228
92
106
580
521
319
622
153
330
820
134
228
151
186
690
627
135
251
471
294
505
690
405
782
750
455
469
563
439
500
245
783
440
244
61
421
452
766
390
351
507
767
824
315
298
506
658
380
341
173
168
153
166
283
715
727
562
603
593
233
500
409
630
511
330
491
271
741
696
261
428
504
742
138
625
613
659
605
650
663
140
208
479
451
457
570
244
29
344
163
319
478
759
348
383
794
578
48
179
182
531
333
400
384
241
805
413
358
657
289
783
417
36
730
630
790
93
804
800
614
510
657
452
643
544
664
606
367
513
659
735
715
645
404
407
262
292
267
436
224
301
669
422
258
248
471
386
581
619
141
821
532
547
438
695
472
536
600
661
618
441
590
687
354
272
476
274
275
624
365
150
612
430
383
686
417
529
130
545
622
332
489
503
422
291
205
10
372
754
398
637
717
348
619
286
525
498
588
172
680
414
500
164
670
384
467
449
293
749
400
648
498
69
324
759
666
63
563
543
743
351
142
680
534
536
209
473
230
678
99
487
717
741
445
482
630
516
466
628
252
542
590
534
541
471
675
609
286
301
248
249
318
771
281
460
375
529
603
536
428
754
109
366
482
271
337
260
463
679
345
531
819
553
242
565
548
291
401
258
708
351
126
441
705
474
266
545
445
442
292
160
136
292
359
186
601
591
398
176
556
713
287
747
61
110
744
322
318
562
517
804
279
350
352
186
751
430
525
549
326
752
273
434
475
291
250
795
301
281
106
224
474
115
536
592
459
397
330
275
693
819
249
562
302
495
629
397
815
259
447
228
443
497
419
255
169
128
114
126
331
713
677
673
557
382
359
613
318
686
586
511
461
682
308
405
22
104
148
316
368
260
548
565
613
284
226
780
391
476
474
719
461
589
155
785
710
624
408
741
470
502
694
58
358
527
461
313
191
752
778
734
676
598
571
220
163
544
755
541
463
406
768
367
685
419
677
489
224
458
475
265
612
451
524
597
402
324
651
434
746
566
495
158
531
526
567
655
43
79
252
382
319
501
241
525
247
522
352
573
557
514
269
419
527
287
276
408
573
658
716
231
279
784
355
99
666
702
354
323
709
504
617
287
520
804
245
216
460
712
393
69
429
367
751
691
566
532
584
415
416
184
537
482
147
674
723
432
820
525
190
738
524
561
509
454
430
732
95
542
200
667
636
20
540
656
327
556
416
340
358
273
773
315
529
651
744
456
247
361
21
445
790
682
328
682
646
465
355
151
256
443
481
309
689
339
87
258
600
444
581
349
427
175
466
543
734
493
193
649
490
93
656
547
495
305
791
365
258
630
455
445
613
454
240
120
153
751
424
219
345
579
660
766
426
446
607
603
414
600
400
183
286
706
302
381
522
289
235
696
598
782
512
212
496
144
719
443
727
294
411
263
541
459
382
248
435
684
670
397
73
172
651
374
739
510
494
639
111
736
565
825
122
11
330
489
292
435
521
290
353
596
475
131
519
396
315
344
464
488
511
329
114
543
571
178
424
369
378
509
61
544
783
782
563
271
532
392
368
582
617
326
449
118
285
422
196
548
638
249
250
347
519
395
649
716
158
438
265
571
609
322
55
270
467
736
376
340
187
713
249
568
526
543
665
344
455
425
552
414
416
155
394
154
230
168
178
308
758
287
810
653
647
91
553
743
754
592
156
799
175
249
525
363
713
624
377
667
260
611
213
732
353
282
213
301
645
747
664
641
692
638
681
408
438
489
783
506
96
763
394
782
479
724
452
417
171
349
536
761
126
414
79
709
567
335
654
314
408
693
173
280
536
300
486
299
493
270
708
643
227
649
774
663
474
349
246
210
364
208
644
256
279
610
664
385
516
723
526
409
324
494
411
201
271
545
387
625
294
175
359
692
224
564
194
623
508
699
596
601
353
628
114
587
355
532
425
444
370
452
259
567
183
198
727
501
368
800
412
657
169
489
535
390
495
428
208
291
283
571
267
745
214
626
400
654
157
137
529
441
555
192
81
271
583
671
383
331
712
445
182
601
71
688
747
370
606
713
382
175
135
44
300
337
271
149
647
718
682
576
252
474
704
511
782
661
167
362
415
586
474
197
413
234
293
728
745
513
634
242
597
610
257
590
785
421
375
606
742
578
256
639
623
265
755
189
358
804
199
311
643
632
273
511
368
739
80
143
203
352
758
557
117
495
423
460
502
570
337
128
406
473
526
670
613
761
806
662
324
100
538
815
595
680
540
606
364
367
415
496
668
2
747
611
98
651
649
741
231
451
471
343
434
670
459
213
250
734
429
148
744
638
575
578
677
448
456
435
91
755
826
355
155
438
569
384
708
541
478
191
592
432
524
166
436
489
452
274
518
398
354
408
712
194
327
118
752
702
375
591
343
460
280
658
446
629
780
469
359
264
378
619
598
680
252
284
530
526
594
607
332
649
447
184
656
546
468
427
612
718
146
551
119
422
639
146
727
361
736
183
359
311
441
405
714
274
85
546
524
564
551
217
476
565
587
471
547
196
352
422
481
251
307
668
421
364
485
294
699
375
557
760
556
754
374
490
574
513
649
759
452
649
443
125
742
91
667
331
440
480
637
293
278
392
440
775
248
414
703
380
545
278
558
615
318
494
782
138
337
179
670
377
112
431
289
367
507
434
555
439
100
559
588
376
244
541
368
238
553
122
542
509
398
588
626
785
453
171
129
455
296
404
359
415
549
688
231
612
370
716
695
463
588
597
331
783
526
508
300
626
810
470
182
643
703
688
699
150
414
216
370
215
319
308
439
717
410
501
799
199
270
789
713
667
668
331
616
740
262
406
498
393
686
198
147
173
167
659
669
537
448
806
599
590
79
581
577
79
783
666
264
729
464
282
516
265
428
273
683
399
614
568
104
597
360
182
767
273
764
244
159
366
470
318
507
592
739
268
536
485
509
740
396
397
198
662
728
331
279
306
528
306
571
347
741
737
657
522
475
668
472
444
255
599
459
372
509
687
146
423
167
557
545
608
655
492
221
491
517
433
257
430
568
206
319
770
450
268
486
470
774
463
280
366
322
549
526
257
670
246
477
763
89
464
424
557
631
386
605
166
674
241
67
591
534
735
132
242
608
60
693
741
14
768
253
723
138
284
435
589
403
791
533
467
610
316
280
443
529
120
351
91
249
732
477
690
321
243
300
281
451
352
160
500
248
331
35
300
716
169
221
430
99
661
459
455
472
45
363
587
755
456
96
505
302
486
659
264
365
451
443
508
270
370
344
173
402
302
408
193
120
309
143
492
242
541
552
338
636
390
395
756
19
535
159
54
724
451
239
804
200
355
118
463
365
394
706
617
780
640
221
667
491
502
583
658
525
540
689
734
590
253
485
731
463
670
674
493
386
262
232
657
216
509
632
456
251
73
528
108
582
741
396
54
533
251
568
667
740
321
14
756
766
509
730
722
714
465
577
249
439
670
710
409
475
611
506
292
82
124
562
346
668
321
636
572
375
629
594
319
445
170
258
732
716
356
804
66
293
339
495
762
677
275
319
365
611
380
638
364
677
337
616
330
467
576
676
683
356
381
599
239
714
400
749
451
806
580
481
688
221
671
284
472
161
155
723
549
513
278
314
543
506
194
472
587
97
534
285
519
420
369
350
544
317
463
441
379
657
352
337
460
139
490
628
166
430
630
388
658
440
681
738
427
185
587
487
649
401
741
677
619
187
203
365
734
504
640
421
344
416
513
546
240
329
590
677
94
496
79
563
634
329
528
233
18
37
720
471
340
368
144
626
363
263
288
407
655
804
497
647
156
336
613
626
270
267
210
395
599
370
318
637
404
450
141
695
775
667
471
589
560
439
115
104
346
341
195
551
65
147
398
591
627
234
601
678
323
489
177
164
220
692
45
543
413
116
355
310
362
533
198
279
477
481
392
591
421
552
357
489
450
641
437
463
352
312
334
187
175
532
431
578
453
692
627
111
386
294
148
727
182
596
276
576
782
411
416
752
224
483
434
778
573
189
337
553
261
457
565
224
28
619
549
476
694
189
680
820
467
257
402
451
342
318
345
602
220
488
221
669
426
655
417
502
622
301
225
744
414
529
665
550
224
715
476
627
350
674
398
624
599
270
160
575
455
662
637
476
191
236
498
435
628
52
600
174
229
564
785
517
535
506
430
521
225
708
99
738
459
79
458
741
621
739
308
519
1
475
755
549
530
616
420
744
426
211
386
464
98
581
267
181
250
509
284
575
664
735
464
514
616
769
602
319
90
539
304
439
195
734
489
497
54
815
166
626
310
704
185
448
520
661
614
655
496
525
583
227
454
321
51
59
200
355
798
248
767
148
225
478
19
302
534
744
486
564
165
293
288
438
678
668
726
805
251
182
448
395
765
114
414
303
247
376
118
351
525
405
269
480
441
485
212
471
797
201
314
296
517
368
491
500
671
114
182
574
517
169
291
557
377
455
58
354
659
541
693
475
692
349
275
144
124
407
345
589
282
265
356
561
278
240
427
453
741
566
737
177
662
132
673
679
209
284
486
535
537
761
632
628
474
48
124
130
147
319
580
741
518
361
227
113
691
348
268
592
318
615
780
449
576
441
217
279
474
94
632
373
661
273
420
278
67
186
679
338
741
117
521
79
200
376
494
669
414
202
174
338
370
719
478
747
789
553
740
532
682
211
194
692
86
196
691
166
663
611
471
612
242
626
667
630
452
424
478
503
535
172
425
239
720
346
755
106
517
262
388
201
390
485
95
820
619
396
670
602
181
170
506
498
667
550
347
222
301
711
264
636
453
372
597
204
596
426
486
283
52
234
229
446
107
480
339
173
286
425
585
567
699
290
651
671
205
263
498
647
416
414
461
457
140
262
223
688
542
565
700
648
174
575
594
517
721
753
312
258
686
759
804
255
407
349
396
593
538
627
714
170
512
711
557
747
127
271
671
325
166
424
272
524
611
374
529
395
380
204
624
642
325
44
259
268
70
458
208
566
485
661
715
177
136
417
557
280
692
661
188
544
292
189
652
198
277
359
317
625
795
451
464
63
23
634
90
589
174
522
682
353
541
369
629
460
234
526
647
394
247
146
163
513
440
630
584
535
199
248
339
637
177
610
41
655
406
684
505
325
375
66
502
720
260
667
495
319
702
81
408
672
476
520
499
347
617
496
515
461
588
461
361
529
440
649
496
273
210
452
758
698
463
550
598
542
537
483
202
372
392
579
366
258
167
482
408
252
447
578
274
344
539
72
242
220
273
207
419
380
194
170
671
449
257
681
733
505
167
296
13
555
530
306
553
569
113
597
726
120
424
14
341
360
419
598
669
636
345
401
185
478
661
386
734
221
396
174
210
215
555
623
525
411
720
377
184
289
529
564
237
737
657
450
214
775
410
169
720
606
741
582
339
554
79
84
330
213
513
292
706
682
788
437
783
351
600
675
545
693
435
475
230
113
125
649
239
761
691
289
339
588
159
519
563
570
446
412
81
601
711
802
235
498
619
770
557
213
190
421
323
500
565
436
613
586
303
732
490
353
576
422
320
34
668
619
440
680
71
680
759
557
798
281
467
561
341
268
425
600
350
133
217
256
250
209
586
789
302
541
624
207
524
598
552
310
717
642
240
155
160
574
699
760
334
369
376
587
740
683
625
404
258
563
722
439
234
643
744
186
159
491
295
356
334
627
578
737
483
566
509
560
172
170
541
776
740
630
434
90
304
575
519
396
139
202
713
668
723
482
221
311
685
499
246
756
189
767
690
223
22
123
289
420
590
143
17
620
452
606
407
372
376
603
551
405
548
487
665
649
719
482
381
609
598
484
291
557
717
555
446
334
187
238
752
341
524
624
139
239
211
376
266
398
269
495
601
526
348
337
452
335
214
125
649
250
731
805
685
703
456
755
467
476
305
344
471
571
610
166
348
212
313
635
105
116
24
430
236
123
289
496
662
110
476
453
340
203
710
380
562
474
741
564
251
526
338
420
495
33
478
377
259
283
468
525
624
322
281
334
628
539
342
326
661
387
626
123
582
274
378
546
206
732
495
197
428
719
399
644
617
553
285
592
265
572
175
364
342
760
488
387
243
279
211
372
391
400
588
583
691
532
364
352
226
254
405
463
99
726
223
425
455
546
199
165
549
532
128
661
563
135
365
102
34
421
409
273
268
696
630
260
367
267
270
345
783
350
204
227
243
159
593
269
264
690
748
128
741
281
566
530
356
472
632
328
353
226
478
588
722
320
757
783
192
485
145
289
727
80
353
600
479
641
511
226
244
628
528
557
462
482
452
124
687
47
113
280
571
805
79
146
144
144
453
369
731
561
226
673
539
617
512
686
547
112
754
55
309
338
601
588
221
683
98
109
716
17
328
696
126
697
392
158
10
402
533
552
784
745
312
117
743
425
598
688
639
85
443
459
215
743
346
215
360
507
600
739
692
654
676
782
724
114
440
210
754
319
554
460
411
332
566
495
183
638
474
691
463
617
584
174
381
412
511
332
185
141
732
359
204
551
239
719
286
638
359
382
167
374
217
275
512
588
298
754
224
476
463
716
332
285
467
763
72
497
501
701
411
400
379
317
805
262
713
401
316
570
219
300
252
91
686
421
207
456
713
107
681
481
259
297
407
500
175
198
775
91
310
451
209
548
529
541
158
451
450
604
676
410
740
198
26
427
644
775
320
744
419
338
707
644
518
258
149
639
724
189
452
695
282
622
696
341
140
206
619
754
696
752
657
266
643
394
502
656
288
546
549
587
556
644
768
54
95
597
449
442
258
488
136
216
392
115
110
83
555
482
647
126
204
449
418
540
427
494
497
745
519
536
579
447
583
563
174
589
671
691
711
510
512
226
467
287
592
251
655
461
488
590
717
714
509
318
493
565
436
537
741
268
340
158
646
355
699
383
51
351
742
453
468
375
418
714
464
236
806
296
297
539
804
477
602
681
150
311
159
128
301
353
201
365
428
704
400
206
474
219
709
50
761
522
280
477
313
273
205
496
177
226
579
358
530
284
298
373
382
543
779
710
289
137
659
156
524
329
734
443
218
761
314
192
471
177
515
282
534
150
207
153
325
224
515
652
743
241
509
697
463
361
347
622
420
525
646
266
684
265
447
268
260
713
704
73
488
223
334
483
583
111
288
526
624
581
679
733
644
536
555
503
634
253
497
348
119
3
244
232
157
549
241
597
421
150
527
489
270
709
246
321
359
413
128
50
393
295
692
503
654
282
205
174
668
819
789
240
271
241
657
727
102
587
174
280
562
111
473
295
785
665
373
539
289
169
680
319
89
518
501
515
386
175
334
155
712
373
719
426
580
419
648
229
453
579
748
553
582
267
443
613
687
552
699
662
395
222
792
187
251
755
378
178
702
659
519
303
486
148
523
370
176
693
534
532
664
523
823
661
682
320
657
535
659
509
710
382
626
597
556
723
170
377
248
330
149
381
212
112
492
401
355
170
358
435
115
804
617
637
291
649
318
535
564
277
226
525
727
397
723
517
503
755
723
689
690
360
327
678
425
285
672
392
520
489
657
215
190
505
770
402
269
534
174
381
347
495
474
289
607
661
645
529
697
566
389
186
244
159
691
613
445
64
201
555
697
756
601
708
549
268
256
453
546
409
196
154
160
454
455
107
580
156
230
346
241
603
512
356
539
804
506
681
527
163
359
665
697
267
407
266
495
724
578
454
774
672
657
782
182
131
387
417
527
121
216
624
457
325
380
570
280
576
702
641
636
634
690
713
505
372
211
419
269
519
557
220
682
190
165
228
583
499
667
677
456
560
490
612
629
439
732
135
406
370
297
427
157
245
123
701
557
319
245
595
324
254
382
256
745
428
589
321
41
723
259
640
308
539
744
468
467
241
357
598
735
71
257
783
602
210
342
579
458
357
544
541
515
232
696
567
547
204
438
376
318
161
122
536
371
254
626
234
472
601
680
580
518
804
357
322
212
427
619
693
565
723
700
531
568
733
241
569
109
749
526
502
202
716
723
512
298
139
253
612
754
387
659
146
566
699
600
334
415
406
712
146
319
523
240
261
404
306
265
647
128
297
543
535
559
184
243
804
68
406
432
341
265
277
659
234
185
628
106
559
588
563
216
307
122
246
119
727
309
741
619
370
421
641
440
268
246
149
494
688
385
13
424
105
381
742
36
262
655
520
535
208
536
430
600
299
709
624
670
657
528
475
669
767
100
43
421
459
294
760
128
783
402
478
263
478
382
243
243
480
231
341
210
625
293
164
586
575
710
525
388
298
342
455
709
367
638
369
502
596
530
528
278
260
156
256
491
650
610
238
682
394
455
466
404
600
653
240
101
577
397
149
385
754
566
617
393
747
298
491
428
147
498
229
91
445
289
289
683
466
430
408
342
68
513
61
688
617
741
85
139
413
492
285
134
68
303
531
295
702
455
661
477
304
319
760
716
391
702
127
604
482
155
305
316
602
486
498
678
529
581
219
760
432
702
607
211
618
328
431
334
380
540
334
574
724
399
193
510
133
402
724
649
623
61
543
427
495
625
545
448
120
553
158
430
810
714
563
454
296
525
428
47
199
247
390
57
689
738
232
472
563
702
514
758
160
303
182
461
502
778
649
12
288
624
214
78
388
467
26
482
724
442
293
440
605
158
784
702
367
242
34
121
598
686
661
639
372
618
336
454
656
673
622
302
475
609
230
587
709
724
638
408
321
308
339
354
237
382
290
678
256
496
182
437
66
540
195
371
413
723
226
87
423
627
440
278
351
664
259
328
175
187
490
629
642
362
185
243
214
262
599
426
288
549
91
223
24
550
416
703
636
174
558
236
774
496
252
393
522
249
748
318
783
440
616
415
331
690
760
144
415
392
271
244
209
171
182
330
595
412
690
798
484
628
806
306
608
239
698
461
551
691
143
721
452
230
558
538
664
435
177
759
60
598
339
217
140
797
381
657
513
799
44
360
184
598
334
561
573
675
271
345
258
526
589
461
657
298
418
593
121
336
704
610
616
608
57
719
220
152
485
739
220
420
118
222
255
454
630
599
55
534
696
610
322
716
338
783
625
369
346
526
610
305
804
475
163
116
106
519
602
563
363
797
480
520
456
328
105
632
143
402
456
313
495
481
401
319
347
182
733
449
580
559
154
737
489
443
185
762
477
394
458
505
148
396
29
606
804
188
478
373
585
397
439
364
598
350
679
798
265
544
303
420
462
670
503
287
621
604
500
633
480
504
784
208
436
637
734
380
144
794
437
228
467
318
554
461
469
715
506
518
405
126
388
754
544
135
105
740
339
543
116
655
387
476
78
287
489
659
235
451
297
633
316
456
501
427
639
755
682
706
30
330
532
504
565
365
744
180
755
146
421
582
59
447
567
562
400
555
225
221
58
744
599
598
563
179
327
247
273
658
526
633
261
643
724
761
285
451
786
616
114
763
743
767
134
19
481
192
348
373
230
574
136
308
452
174
550
285
309
713
402
184
600
239
292
307
547
548
413
314
665
667
646
142
374
310
678
464
186
532
519
328
310
401
253
819
151
298
303
755
760
570
330
181
378
632
549
218
479
444
765
783
545
483
283
650
135
134
496
97
185
436
585
450
224
537
519
754
439
485
385
263
711
673
662
455
667
139
700
553
480
348
459
643
608
516
150
303
169
229
494
731
182
393
268
626
46
290
409
517
423
500
328
702
405
505
65
290
477
521
245
755
108
294
461
526
679
291
552
649
205
403
604
515
521
683
250
143
331
666
213
527
430
784
194
103
771
587
178
527
717
471
742
350
545
411
268
501
85
442
125
213
443
359
647
502
203
241
541
734
651
231
404
188
502
67
576
265
573
617
212
191
354
420
449
260
558
466
81
491
362
119
626
629
392
96
298
400
348
343
543
383
178
329
748
600
564
360
732
677
239
553
187
514
496
179
688
337
555
417
461
294
540
469
590
252
660
382
395
407
567
473
526
143
289
353
261
304
254
574
199
557
160
661
522
149
750
723
506
201
113
497
805
468
428
379
553
305
583
198
333
508
487
535
486
599
289
325
737
156
248
544
289
448
726
412
603
480
298
452
95
682
235
657
180
687
613
612
498
488
469
104
253
200
580
233
603
187
280
175
2
216
169
241
692
575
453
449
355
214
750
692
401
365
345
455
527
431
783
395
363
205
363
407
429
510
408
138
195
681
501
411
306
537
330
303
428
433
512
731
385
544
181
649
413
463
691
312
414
532
386
307
346
634
511
223
326
126
299
641
317
694
723
311
759
166
103
359
661
195
276
312
536
348
376
471
169
207
692
356
125
362
209
428
121
645
466
570
672
592
185
448
418
107
506
359
380
158
517
495
247
99
754
723
654
471
780
274
280
746
626
532
762
353
380
201
337
121
440
563
394
525
626
20
535
360
310
203
807
512
283
248
679
440
783
616
756
311
338
316
472
610
112
415
543
461
542
622
595
161
174
380
510
532
557
602
819
219
585
232
667
338
575
129
492
421
781
634
141
183
301
677
232
633
472
150
448
675
506
666
122
587
303
150
320
79
452
716
274
804
156
389
525
680
810
161
266
334
637
216
636
472
199
795
277
415
378
697
667
483
270
677
554
438
98
156
738
425
390
90
488
529
378
262
330
425
112
688
652
627
588
726
712
197
232
409
466
419
675
580
191
589
566
365
458
118
530
613
509
481
248
39
409
440
280
533
427
398
425
471
593
575
778
540
610
714
185
566
128
128
637
720
383
569
488
799
258
219
533
214
505
332
691
717
611
84
671
428
751
512
386
477
258
338
718
279
116
759
544
364
297
636
379
600
214
239
157
395
558
178
258
503
436
125
299
277
657
294
230
343
334
282
355
330
88
480
440
587
487
276
553
107
646
590
765
288
76
451
456
699
189
558
608
759
453
372
495
291
591
727
284
655
519
462
588
826
466
305
702
605
90
220
538
359
342
262
273
210
258
510
105
376
724
549
755
630
249
578
548
435
532
442
782
350
198
398
373
651
591
649
660
162
161
657
253
577
385
542
226
713
258
250
555
509
137
426
484
695
589
305
680
493
655
95
760
639
199
667
704
560
724
211
408
558
804
674
215
634
740
719
360
556
470
356
6
217
695
431
663
106
261
410
206
221
499
595
610
506
495
465
618
351
315
507
476
466
85
57
577
782
606
655
610
301
293
234
567
580
348
802
590
547
476
677
489
189
824
414
592
664
67
463
655
489
325
333
577
639
287
244
152
600
476
609
15
520
301
519
315
90
538
278
381
344
704
613
570
462
723
209
701
136
384
752
460
535
476
458
206
472
733
224
567
301
77
376
580
313
34
453
504
626
314
462
147
71
580
351
232
255
402
368
568
352
466
557
327
662
651
767
132
112
394
436
501
758
695
475
509
617
65
606
235
99
385
672
115
230
563
609
661
86
575
598
692
665
546
615
422
483
223
448
218
239
557
477
690
476
368
219
253
247
806
359
344
468
221
334
446
167
18
496
525
322
731
333
110
563
389
682
296
622
271
730
534
223
641
704
121
219
520
511
216
648
511
274
755
532
330
628
415
686
351
97
429
235
403
372
361
71
362
422
381
578
469
742
185
740
421
206
471
402
397
88
591
279
2
204
247
373
676
408
458
628
389
528
206
724
680
434
312
560
463
482
670
268
472
306
710
384
373
444
389
392
432
657
736
719
750
590
523
315
518
418
732
649
601
206
243
366
126
590
524
29
651
632
626
418
641
421
495
598
518
666
221
396
750
563
574
242
405
331
504
476
697
604
741
594
127
720
175
570
204
401
564
338
566
359
610
619
223
627
394
219
381
403
532
474
341
518
345
350
497
265
382
508
581
597
617
275
375
757
249
527
678
629
116
723
691
551
92
436
600
431
406
534
321
476
551
318
156
382
801
783
707
124
636
186
697
540
665
104
545
630
690
679
34
435
530
109
628
134
537
71
314
470
659
310
547
730
634
268
616
651
717
242
535
253
214
246
321
142
177
177
503
346
409
306
545
549
334
449
124
630
333
617
581
716
249
80
315
693
569
231
660
638
243
563
305
543
592
582
384
243
667
602
446
158
379
690
172
500
183
453
587
614
624
699
553
523
767
216
508
288
217
612
688
180
312
120
674
430
102
454
441
499
318
294
587
322
665
756
615
634
183
629
539
469
454
280
201
535
362
276
784
426
421
434
275
542
689
732
261
392
763
526
579
556
275
347
651
671
307
224
469
601
344
484
752
407
549
638
176
229
537
440
535
716
12
661
759
121
759
76
652
175
251
459
440
622
612
412
536
291
372
656
417
227
488
374
169
91
169
528
439
579
400
598
488
522
516
534
227
408
313
421
667
739
663
137
255
768
327
715
206
440
291
173
317
723
342
305
316
170
737
811
389
439
419
227
569
61
221
336
681
482
361
446
765
768
182
348
508
528
580
425
696
427
594
421
491
530
464
672
667
160
703
569
268
222
337
537
403
696
443
610
582
62
331
16
608
200
427
211
278
387
405
767
110
355
353
30
503
105
364
593
686
468
172
298
664
529
758
570
725
578
378
752
237
651
373
362
723
687
212
15
530
310
56
420
338
345
564
632
534
220
391
581
670
377
93
123
608
702
309
219
422
374
400
407
28
721
580
724
467
656
354
224
593
691
269
724
199
689
225
270
308
376
557
548
483
566
471
273
665
198
476
219
650
782
638
239
262
211
182
378
245
733
680
129
561
