614 1883138
0 0
1395 4861575
161 155848
1717 2946372
217 259098
53 22101
222 49062
189 124551
166 178865
144 134568
50 3725
1525 3487675
199 237805
853 3639751
1514 3436023
2426 8827001
136 157828
162 91773
152 92416
390 530985
1879 7057524
194 207289
1411 2985676
2268 12860694
1198 3585015
16 856
48 21864
15 315
977 2385834
535 1431125
138 66309
544 1183200
114 58425
569 485357
0 0
174 196707
482 811929
831 2415717
50 23525
40 10180
376 211500
126 95382
123 128412
79 53325
11 528
215 301000
1768 9375704
969 937992
202 224321
164 175234
439 770884
392 690900
63 17766
2101 4412100
315 545265
1439 5176083
143 143286
385 815045
244 268034
212 247086
562 1421017
252 380016
512 392960
175 107450
952 1358980
586 685620
108 87210
108 34992
319 508805
154 188958
85 57290
168 112392
135 118395
1436 4124192
430 461605
1785 3184440
111 104229
218 308797
371 618828
913 1667138
6 225
20 2820
97 70422
250 405625
1159 6045344
756 570780
333 499167
139 58102
110 96580
132 43362
279 232965
2521 6352920
48 12600
518 1342138
1645 5410405
390 227955
0 0
205 273060
920 4230160
