246 393723
184 117852
1254 5501925
467 1089044
271 402977
490 359905
342 408861
0 0
1236 2289690
108 110646
718 514806
503 1266051
1205 3629460
622 965655
160 38160
322 570101
245 239365
2732 7461092
308 189112
274 187005
128 65280
1469 3234738
103 74057
168 141288
712 2787836
1222 2984124
49 10682
75 30975
966 932190
51 16779
2265 10255920
182 231868
16 1520
244 326594
580 672220
323 364667
1107 1836513
0 0
1476 2177100
370 614385
180 178470
54 10179
193 148224
70 4830
244 59292
334 167167
436 189660
218 213749
0 0
37 4736
34 9877
15 960
1277 3258904
2029 8229624
123 15006
288 415296
55 16335
367 470861
2136 6840540
2015 10145525
771 2080929
197 38612
71 25205
457 940506
1864 3472632
278 347639
0 0
0 0
46 8418
0 0
491 842065
96 87696
204 41412
171 72675
67 26532
603 1815633
56 29596
175 122150
635 1006475
172 162798
826 1364552
6 279
40 7960
173 208984
43 17415
1305 1701720
0 0
206 105781
811 1643897
22 2904
68 25466
640 613440
195 95160
2922 8535162
386 148610
338 514605
779 2121996
529 1118306
518 402227
177 62658
146 74679
301 496951
0 0
222 73593
118 89975
194 112520
132 130350
0 0
632 1197640
1000 1499500
653 1492758
667 2003668
294 475839
1657 6859980
223 174163
71 32376
836 2096688
0 0
285 202920
434 659029
47 9917
4634 32203983
552 761484
388 826634
79 59171
109 100389
137 159468
342 408861
262 240647
103 63860
682 930248
426 453903
57 14478
614 940955
102 68085
2466 6078690
36 9810
622 1548780
345 357420
7560 57146040
780 1520610
1370 5630700
45 12285
121 79981
2 21
720 2853720
76 37582
73 26280
593 878233
22 4125
129 140352
1138 3882856
28 756
238 84609
20 2670
95 71915
182 214669
20 1620
953 907256
686 1176147
1731 2994630
149 122031
735 809235
161 168889
0 0
1341 3596562
0 0
36 12258
51 11577
1031 2124891
176 123552
709 1507334
360 323100
63 21672
95 68020
111 80475
60 23430
393 693645
972 943812
334 390279
698 486506
1833 6716112
499 870256
276 304704
172 206916
2239 5010882
745 3049285
883 3897562
78 48672
329 540218
414 428283
354 437367
94 57199
224 49952
261 204624
369 477117
1182 1395942
1944 9444924
150 112200
2265 7691940
17 2346
283 159895
972 5194854
556 1235432
61 31598
318 403224
17 2737
53 26659
816 2330088
4194 26382357
125 31250
107 91592
481 1157286
3 78
627 392502
239 370450
635 1812925
226 333011
4 102
278 115509
0 0
114 83961
1288 1657656
2085 10862850
0 0
765 877455
466 977435
386 671447
291 550281
204 291516
120 21420
252 158886
435 662505
943 3113786
1973 3890756
1012 1023132
45 7065
219 263019
57 19722
130 109915
240 373800
237 225150
217 211792
193 167138
2 41
930 2595630
191 218886
162 91935
270 291330
518 805490
537 1440771
231 293832
205 188395
1278 6530580
103 47895
469 879844
2200 9675600
139 96605
96 59376
175 91525
113 69834
2710 14682780
940 882660
234 273780
0 0
1261 1588860
1080 1165320
1242 3083886
390 456300
6 321
155 155775
110 90695
99 68310
699 487902
275 415800
174 120408
1052 4426816
834 1739307
399 875406
196 95550
609 1298388
236 139122
57 11457
67 28944
365 132860
0 0
35 1820
170 86700
0 0
542 1613805
0 0
601 1625705
361 195301
114 84189
410 587735
108 110646
57 27417
268 179694
169 213109
56 26740
79 12324
21 2814
723 1305738
1895 10771180
1552 4817408
1856 3442880
6 66
455 309855
46 11753
126 103005
362 327067
56 12376
428 274562
284 443182
202 142309
198 176517
139 154429
15 1485
17 2754
162 196587
1133 5776034
910 3723265
1197 4294836
112 107016
196 134554
1556 3630926
135 145395
626 2153127
254 322326
0 0
387 597915
38 9253
1579 2491662
442 194922
228 234042
37 9435
4438 29541547
172 133042
336 506856
104 91780
446 496621
899 2828254
1453 7388505
1050 4406850
94 75059
0 0
166 95865
105 82215
177 203550
465 1190865
132 147906
108 87642
0 0
251 407875
497 987539
594 705078
532 1554770
1374 7552878
689 1659112
4870 35572915
354 438075
247 334685
802 1928008
227 232221
1274 4865406
1292 5005208
62 26970
143 71500
2474 15297979
0 0
6 180
1253 2353134
61 14884
511 260610
165 94875
25 3350
751 1971375
228 234042
15 1425
157 48984
0 0
113 57291
169 185393
1726 2977350
555 614940
564 635628
1383 5736684
96 87408
183 100284
1055 1111970
1052 2211304
306 608481
0 0
9 729
39 9633
433 655995
561 1100121
159 50403
444 688866
1407 3957891
129 57921
22 3113
384 810816
1178 2079759
103 42024
16 1448
27 6183
222 221001
0 0
255 324615
1607 3872870
267 391422
144 134568
891 1190376
259 100492
400 879800
708 2754474
32 3632
20 3630
62 9517
289 249985
475 1014125
357 637602
147 139650
751 1126500
776 3008552
536 1147576
0 0
687 2121456
545 741745
726 1842225
68 39202
68 16014
76 54986
606 549945
234 245349
124 114514
1549 3596778
87 37845
333 277056
299 223353
503 632271
37 1998
4277 27436955
242 321013
93 47430
58 25317
93 34596
126 134505
126 87129
299 357604
0 0
1852 3428052
535 1143830
71 4970
1075 1154550
167 180360
408 415548
179 208356
111 37074
8130 66088770
359 322023
208 237224
94 53016
1453 3164634
1318 4342151
144 72504
341 406813
269 469943
171 116622
86 22188
119 113645
729 2920374
8 548
137 159057
335 280060
6 255
451 711227
9980 99590420
1224 1496952
899 1211852
124 76756
790 623310
145 167330
208 151320
30 5775
1032 2130048
101 76255
137 159879
97 33077
435 472845
127 88646
215 253485
192 147840
468 547326
263 103359
1126 1900125
1099 1206702
217 211575
0 0
29 7917
14 392
60 19530
720 1036800
159 25122
300 179700
71 22436
128 139584
334 445890
201 100902
327 481017
1071 2865996
441 777042
79 24885
367 335805
75 30825
0 0
416 864032
103 47586
546 745563
1546 7170348
269 471019
219 120012
11 693
787 3402988
262 308767
419 262713
1073 1150256
136 64260
1238 2298347
441 291060
208 195208
1086 5896980
0 0
56 29820
0 0
657 1943406
203 268163
50 13825
1069 2857437
1 2
3696 20485080
1625 3960125
176 139128
142 110831
883 3116990
1659 6879873
78 36426
2 23
731 1868436
126 87507
428 640930
87 53157
1121 5650961
659 1518995
548 900364
338 457314
20 2570
168 183372
282 317814
969 937992
300 313950
610 2048075
533 1562223
122 59536
596 1596982
183 184281
502 754506
55 18260
83 23987
2120 11234940
185 187775
648 1679616
34 10047
61 26108
68 20706
626 783752
84 59766
0 0
4 126
113 102717
73 13359
519 1480188
1218 2224677
38 2812
60 7080
84 60186
742 1099644
190 235125
91 53781
5 225
131 120127
588 1383564
954 909162
215 300570
4423 29342182
45 11970
590 870545
14 1085
215 208335
618 381306
44 14278
745 554280
437 860016
2294 13154943
13 1079
583 339306
21 1260
238 197659
118 118531
70 26845
0 0
66 6501
350 428575
314 147423
16 1128
81 62289
755 2281610
701 1720955
613 1501850
549 451278
74 30007
927 3863736
0 0
539 580503
878 1155009
188 193922
174 211236
782 610742
857 1101245
983 1447959
0 0
23 2829
704 494912
29 2929
861 1482642
659 1086032
85 47260
360 648000
103 68598
182 131768
585 854685
702 2710773
849 2160705
4666 32655001
0 0
229 209535
416 950768
216 302076
17 1139
770 592130
130 143455
375 771375
891 3969405
37 8806
661 1963831
49 22687
77 20559
92 80086
2 29
640 408960
780 607620
625 1367500
2325 13515225
470 1213775
583 339306
1044 2725362
451 711678
103 63139
1767 9361566
0 0
500 874250
94 48269
514 263682
773 2091738
418 435765
326 691609
372 622914
304 323608
403 243412
435 662940
355 440555
115 58995
102 46461
124 68882
477 568584
107 91378
962 1387685
3456 17910720
942 3103419
402 808422
178 236829
32 8192
872 2658292
1412 4980830
175 106750
268 71556
3550 18898425
1172 2744824
131 42837
1227 1504302
75 39750
437 190532
8 588
265 209880
287 453747
420 439950
1053 2770443
376 141000
1212 3671754
108 81108
244 267790
2510 9446385
163 199349
1008 4060224
1036 1072260
33 7062
219 238929
4137 17110632
0 0
574 328902
450 404100
192 258816
8 372
152 80484
0 0
161 167762
756 1713852
0 0
57 22458
227 309401
125 23375
329 485604
0 0
43 10191
194 93605
893 2792411
8410 70719690
1306 4260825
142 131705
352 680944
496 492032
25 1800
126 126882
1247 2330643
77 20482
447 1097832
118 117941
91 53781
82 43829
2 17
30 4065
7 357
187 87329
361 455582
267 248577
1595 7628885
309 524991
2229 7449318
840 2821560
63 29736
443 490401
4650 32426775
297 573210
1064 5662608
894 3197838
0 0
119 120309
821 3704352
154 130669
283 439499
983 4827513
3885 15089340
90 44685
86 7310
1613 6503616
320 563360
15 945
584 1023752
678 2296386
758 1722934
421 973352
265 385840
569 323192
1094 4789532
360 453420
499 621754
451 508728
166 151973
105 60165
311 435400
2162 4672082
424 538480
1485 6614190
688 1654296
0 0
444 394272
186 86397
175 198975
1472 3249440
106 106477
217 70525
0 0
0 0
956 912980
195 95160
536 574056
550 1662925
2637 13904901
144 144576
1656 4112676
387 374229
2329 8132868
379 431302
189 107352
329 216482
54 24705
74 29859
334 612055
677 457652
3627 19727253
26 4355
1608 6461748
711 504810
716 768626
78 51441
65 35490
281 434145
1152 1988928
1190 2123555
196 134162
215 115240
36 9522
59 22538
129 141384
673 1358114
215 230480
122 81679
3103 14441362
220 72490
754 3127215
1072 2873496
911 1658020
686 705551
95 58520
1856 3442880
37 12691
657 430992
1061 4502884
264 174108
964 1392498
220 193160
905 818120
2876 8268500
135 154845
121 94743
10 705
828 1027962
730 1330425
110 41965
1803 3249006
204 145962
223 223669
203 267757
338 399347
10 135
19 1235
12 882
144 155160
934 3050911
231 347424
1339 7171684
1928 9291996
945 892080
844 1424672
619 382542
1197 2865618
58 18415
740 546860
135 154170
378 499905
277 497215
31 5301
813 660156
95 35815
0 0
586 1714050
102 10302
261 273006
0 0
73 45041
212 291606
395 857545
174 45153
132 148830
151 148735
38 8588
371 206276
84 39018
210 264390
714 764337
135 154440
126 39501
3 60
98 52773
1180 1391220
253 223399
18 1332
1538 7091718
181 179190
63 9765
225 303975
64 8128
451 812702
701 736050
424 448804
0 0
360 453420
243 383211
940 2206650
885 2738190
963 1854738
221 170833
848 2517288
125 132000
378 784917
476 565250
2966 8794190
111 79809
568 1450388
185 51060
71 24992
152 22952
312 388440
2861 16370642
210 110145
335 392620
203 267351
83 65736
201 80802
567 965034
448 901152
262 342172
64 32576
2469 6093492
105 21840
107 51039
39 12909
810 655290
66 41481
221 219674
249 340134
59 22833
1719 8866602
326 478405
335 168170
2071 4286970
1045 1636470
305 232410
157 111156
812 3296720
331 491535
176 139304
901 2839952
324 578502
194 243567
54 7317
539 1595440
122 127063
129 108231
1363 5571944
957 1372338
194 94187
477 1023642
0 0
1069 1712538
2466 6078690
57 27702
143 91949
146 105850
93 21483
138 123303
1644 4053282
88 73084
1311 5152230
213 317370
94 22043
418 787303
2996 8973020
1035 5356125
10 535
4793 34456877
2507 9426320
0 0
423 983475
53 21253
52 14742
164 161540
99 63756
792 1566972
