100000
100000
99982
99846
100000
100000
99980
100000
99158
100000
100000
100000
99950
100000
100000
99990
99961
100000
100000
99961
100000
100000
100000
100000
96836
100000
100000
100000
100000
100000
100000
100000
100000
100000
99995
99995
99763
99957
100000
100000
100000
99795
100000
100000
100000
100000
99990
100000
99980
99995
100000
100000
100000
99980
100000
99984
99995
99950
99932
100000
100000
100000
100000
100000
100000
100000
100000
99763
94411
99506
100000
99865
100000
99980
99961
99986
99995
99932
100000
100000
100000
100000
99900
100000
100000
99763
100000
100000
100000
100000
100000
100000
100000
100000
99900
99986
99984
99506
99986
100000
99987
100000
100000
99950
99995
100000
100000
100000
100000
100000
100000
100000
100000
100000
100000
100000
99990
100000
100000
100000
100000
99961
99986
100000
99984
99763
99995
100000
99997
100000
99950
99029
100000
100000
100000
99990
100000
100000
99980
100000
99986
99997
100000
100000
100000
99990
99950
100000
100000
99980
100000
100000
99986
99995
99980
100000
99987
100000
99987
99961
100000
99990
100000
100000
99950
99979
99980
100000
100000
99990
100000
99990
100000
100000
100000
100000
100000
100000
99986
100000
99950
100000
100000
100000
99997
99950
100000
99995
99985
100000
100000
99987
99974
99950
100000
100000
99919
99980
99878
99997
100000
99987
100000
100000
99598
100000
99980
100000
100000
100000
99840
99990
100000
99987
100000
99914
99990
100000
100000
100000
100000
100000
99506
100000
100000
100000
100000
100000
99980
100000
99980
99946
100000
99763
100000
100000
100000
99961
100000
99995
99995
99986
100000
99995
99986
99997
94985
99950
100000
100000
100000
99980
99990
100000
99979
99866
100000
100000
100000
100000
100000
99961
99961
99986
99990
100000
99881
97645
99990
100000
99997
99961
100000
100000
100000
100000
100000
99995
100000
99986
100000
99995
99995
99777
100000
99433
99990
100000
100000
99947
100000
97032
100000
100000
100000
100000
99506
97083
100000
100000
99947
100000
100000
100000
100000
99979
99980
100000
100000
100000
99995
99896
100000
99997
99846
99980
99763
100000
99974
99506
99614
100000
99995
100000
100000
100000
99495
100000
80755
100000
100000
100000
99919
99995
100000
100000
99997
100000
99987
100000
100000
100000
100000
100000
99995
99957
99890
100000
100000
100000
100000
100000
99961
99974
99995
99995
100000
100000
99990
99900
99986
100000
99986
100000
100000
100000
100000
99433
100000
47773
100000
99990
99990
100000
99900
99995
100000
100000
100000
100000
99974
99995
99995
99990
100000
99995
99995
100000
99957
100000
100000
99990
100000
100000
98649
99990
99986
100000
99986
100000
100000
99995
100000
99997
100000
100000
99997
100000
99986
100000
99987
100000
100000
100000
99763
100000
99519
99980
100000
100000
100000
99950
99950
99997
99919
99506
100000
100000
100000
99990
99961
99995
99995
100000
100000
100000
100000
100000
100000
100000
99990
100000
99987
100000
100000
99979
100000
100000
99995
99824
100000
99995
100000
100000
100000
100000
100000
99997
100000
100000
99980
99982
100000
100000
100000
100000
99960
99782
99984
100000
100000
99974
100000
99995
99950
99990
99919
100000
99980
100000
100000
100000
100000
100000
97136
99979
100000
100000
99979
100000
100000
99986
99997
100000
99990
100000
99866
100000
99987
100000
100000
100000
100000
99919
100000
100000
99950
99980
99990
99997
99957
100000
99985
100000
100000
100000
100000
100000
100000
100000
100000
99995
100000
100000
100000
99995
100000
99990
99990
100000
99990
99950
99995
100000
100000
99997
100000
99495
100000
100000
100000
100000
99986
99807
100000
99986
100000
100000
100000
99997
100000
100000
99932
100000
100000
100000
100000
100000
100000
99997
100000
100000
99606
100000
100000
99950
99960
99995
100000
99986
100000
100000
100000
100000
98006
99990
99950
98973
100000
99980
100000
100000
100000
99980
100000
100000
99980
99476
99995
100000
99995
100000
100000
99974
100000
99788
100000
100000
100000
99987
100000
100000
100000
100000
100000
96598
100000
100000
100000
100000
99511
99974
100000
100000
100000
99990
99506
100000
100000
99919
99987
100000
99986
99763
100000
99995
100000
100000
99542
99990
100000
100000
100000
100000
99957
100000
100000
99974
100000
99997
92571
99990
99809
99433
99950
99987
100000
99879
100000
100000
99979
99950
99995
100000
100000
100000
99990
99995
100000
100000
99950
100000
100000
100000
99995
99882
100000
99995
99987
100000
99950
100000
100000
100000
99950
100000
100000
100000
100000
99986
99997
99986
100000
100000
99990
100000
99995
99482
100000
100000
100000
100000
99986
99824
100000
99985
100000
100000
100000
99997
99947
99997
99980
100000
100000
100000
99986
99841
99950
99997
99995
99990
100000
100000
100000
100000
99995
100000
99990
99995
100000
100000
100000
100000
99980
100000
100000
100000
100000
99980
100000
100000
99997
99961
100000
100000
99950
99990
99980
100000
99974
99986
99990
99782
99995
100000
99979
99995
100000
99979
100000
100000
100000
98777
99986
100000
100000
100000
100000
100000
100000
100000
100000
100000
99986
99987
99995
100000
100000
100000
99990
100000
99990
99980
100000
100000
99995
100000
99995
99986
100000
99986
99990
100000
99950
100000
99763
99987
99984
99995
100000
100000
100000
100000
100000
99533
100000
99997
100000
99961
99986
100000
100000
100000
100000
100000
100000
99961
99995
99658
100000
99919
99990
100000
99995
100000
99987
99986
100000
99947
99987
79264
100000
99209
100000
100000
100000
99984
100000
99900
100000
99980
100000
100000
99763
100000
100000
100000
99961
100000
100000
99990
99986
100000
100000
99919
100000
100000
99986
100000
99979
100000
100000
100000
100000
100000
100000
100000
100000
100000
99961
99979
99990
99950
100000
99984
100000
100000
100000
99995
99986
100000
100000
100000
99950
100000
100000
99950
99824
99961
99995
99995
99979
100000
100000
100000
100000
99990
99987
100000
100000
100000
100000
99542
100000
99987
99990
99987
100000
100000
100000
99840
99763
99990
99982
99990
100000
100000
100000
100000
100000
100000
99947
99980
95886
100000
100000
99947
99919
99950
100000
99995
100000
100000
99990
100000
100000
99987
100000
100000
100000
100000
100000
100000
100000
99995
100000
99950
99987
96049
100000
100000
100000
99985
99506
100000
100000
99795
99990
99986
99990
99990
100000
100000
99763
100000
100000
99950
99980
100000
99984
100000
99997
99980
99961
99986
100000
95665
100000
100000
99986
99995
99997
99950
99950
100000
99987
100000
99985
99990
100000
99974
100000
99987
99995
99986
99987
100000
100000
99986
100000
99995
99986
100000
100000
99995
99957
99986
99990
99987
98703
99980
100000
99979
99950
100000
99997
99987
100000
99950
100000
100000
100000
100000
99986
100000
99990
100000
100000
100000
99995
100000
100000
100000
100000
100000
100000
100000
99950
99961
99995
100000
99980
100000
100000
100000
99606
99997
100000
100000
99990
99846
99995
100000
100000
100000
99919
100000
99995
100000
99957
100000
100000
99987
99542
99987
100000
100000
99950
100000
99739
99979
100000
98756
99995
100000
99987
99987
99986
99985
100000
100000
100000
100000
100000
99995
100000
99987
100000
100000
99986
99980
100000
99763
100000
100000
100000
100000
100000
99987
100000
99840
100000
99950
99961
100000
100000
99997
100000
99986
97466
99995
100000
99980
99980
99995
99995
99986
100000
100000
100000
100000
99950
100000
99987
100000
100000
100000
100000
99995
100000
99990
100000
99990
100000
100000
99995
100000
100000
99984
100000
100000
99841
99986
99950
100000
100000
100000
100000
100000
99995
99448
99987
99995
99990
100000
99979
100000
99980
99997
99997
100000
99995
100000
99854
99990
99990
100000
100000
99986
100000
99957
100000
100000
99986
99974
100000
100000
100000
100000
99797
100000
100000
99995
100000
99957
100000
100000
99995
99879
100000
100000
99986
99997
99986
100000
99995
99995
100000
100000
100000
100000
100000
100000
99279
99974
99990
100000
99995
100000
99997
99908
100000
99957
99797
100000
99995
100000
100000
99990
99950
99961
100000
100000
98701
99986
100000
99979
100000
100000
100000
99987
99997
100000
99997
100000
100000
96014
100000
100000
100000
99974
100000
100000
100000
100000
99947
100000
99979
99995
99979
99503
100000
99990
100000
100000
99987
100000
99995
99961
99997
100000
100000
100000
100000
100000
99986
99995
100000
99987
99980
99950
99950
100000
99990
99961
99961
100000
99824
100000
99987
99995
99986
99950
100000
99995
100000
100000
99908
99990
99980
99807
99979
99950
100000
100000
100000
99995
99997
100000
99986
100000
100000
100000
100000
99985
99950
100000
100000
99979
100000
100000
99995
99990
99990
100000
99995
100000
100000
100000
100000
100000
99990
99979
100000
99961
99984
100000
99997
99980
100000
100000
100000
99433
100000
100000
100000
100000
100000
100000
99950
100000
100000
99990
99846
100000
100000
99985
100000
100000
99980
100000
100000
100000
99986
99961
100000
100000
99995
99995
100000
100000
99900
99990
99847
100000
100000
99997
100000
99990
100000
99987
99990
99958
99961
100000
99980
100000
99997
100000
100000
100000
99980
99995
99995
99995
100000
100000
100000
99900
100000
99987
99985
99986
99961
100000
100000
100000
100000
99980
100000
100000
100000
100000
100000
99987
99987
99987
99995
99997
100000
99986
99985
100000
99795
100000
100000
100000
99919
100000
99980
99986
100000
99995
99984
99990
99840
99961
100000
100000
100000
100000
98863
99990
100000
100000
99987
99986
99751
100000
99788
99995
100000
99824
100000
99979
99846
99908
100000
99974
100000
100000
100000
99986
99980
100000
99995
100000
100000
99980
99995
100000
99985
99763
100000
100000
100000
99990
100000
99950
99990
99995
99990
100000
100000
99238
100000
99997
99987
100000
100000
99840
100000
100000
100000
100000
99997
100000
100000
99997
99980
99987
100000
100000
100000
99950
100000
100000
99879
100000
99987
100000
99773
100000
100000
99986
100000
99990
100000
100000
100000
99995
100000
100000
100000
99986
99990
99544
99995
99986
99990
100000
99990
99980
100000
100000
99979
99985
100000
99997
100000
100000
100000
99985
100000
99986
99932
99980
100000
99980
100000
98835
99986
100000
99990
100000
100000
100000
100000
100000
99974
99986
100000
100000
100000
99990
99919
100000
99987
100000
99986
99985
100000
99980
100000
99979
99980
99986
100000
99950
100000
99995
98588
99987
99932
100000
99987
100000
100000
99763
100000
99995
100000
100000
99987
99994
100000
100000
99919
100000
99950
100000
99995
99919
99980
100000
99914
100000
100000
99994
100000
100000
99980
100000
99987
99986
100000
100000
99986
100000
99979
100000
99997
100000
100000
100000
100000
100000
100000
99961
100000
100000
99995
99987
99979
100000
100000
100000
100000
100000
99997
99986
99987
99995
99987
100000
99986
99980
100000
100000
100000
100000
100000
99995
99994
99995
100000
100000
100000
99433
99979
100000
100000
100000
100000
100000
100000
100000
100000
100000
99994
99987
99994
99947
99995
100000
99995
99987
99763
100000
100000
99995
99980
100000
100000
100000
99908
99788
100000
99984
100000
100000
99995
100000
99994
100000
99979
99995
100000
100000
100000
100000
100000
99840
100000
99995
100000
99950
100000
100000
100000
100000
99961
100000
99995
99986
100000
99995
100000
100000
99506
99995
99979
100000
99950
100000
100000
99950
100000
100000
99957
99995
99994
99984
100000
100000
100000
100000
100000
100000
99987
99919
100000
100000
100000
97449
99961
99986
100000
99995
100000
100000
99986
100000
99986
99763
100000
95665
100000
100000
100000
100000
100000
100000
99994
99994
99900
100000
99869
100000
100000
100000
100000
99950
99986
99995
99957
100000
100000
100000
100000
100000
100000
99987
99881
100000
99097
99961
99980
99980
100000
99224
100000
99974
99987
100000
100000
100000
100000
100000
99779
100000
99995
98100
100000
100000
99995
99950
100000
100000
99995
100000
100000
99982
100000
100000
100000
100000
99994
99843
100000
99995
99995
99974
100000
100000
99994
99995
99995
100000
99995
99984
99980
99995
100000
100000
100000
100000
99995
99995
100000
100000
99986
100000
100000
99961
99986
100000
99986
100000
99994
100000
100000
99763
100000
100000
99995
100000
100000
100000
100000
100000
99980
100000
100000
99994
100000
99994
100000
99986
100000
99947
100000
99506
99986
100000
100000
99995
99984
99919
99995
100000
99519
100000
100000
100000
99995
100000
100000
99987
99995
99990
99986
100000
99984
99900
100000
99995
99986
99987
99773
99995
100000
99995
100000
100000
100000
99979
100000
99980
100000
100000
100000
100000
99986
100000
100000
99979
100000
100000
99533
100000
100000
100000
99994
100000
100000
99919
-6260
100000
100000
100000
99995
100000
100000
99997
100000
99763
99788
100000
99995
100000
99997
100000
99995
100000
99919
99995
99884
100000
99995
100000
99994
100000
100000
100000
100000
100000
100000
100000
100000
100000
100000
100000
100000
100000
100000
100000
100000
99995
99987
100000
100000
100000
99986
100000
100000
99974
99984
100000
99919
99985
99997
100000
99997
99980
99995
100000
99824
100000
99984
99908
100000
100000
99997
99994
100000
100000
99987
100000
100000
100000
100000
99987
99994
100000
99994
100000
100000
100000
99809
99896
100000
99980
99987
100000
100000
100000
100000
99986
99986
100000
99919
100000
99980
100000
99986
100000
100000
100000
99980
99995
99884
100000
100000
100000
99961
100000
99961
100000
100000
99990
99995
100000
99987
99987
100000
99979
100000
99900
99986
99995
99986
99990
100000
100000
100000
100000
99987
100000
100000
100000
100000
100000
99980
100000
99840
100000
100000
99979
99995
100000
99506
99865
99879
99987
100000
100000
99986
100000
99995
99997
100000
99997
100000
100000
100000
99987
100000
100000
99506
100000
100000
100000
100000
99986
99979
99987
99961
100000
100000
99995
99994
100000
99995
99713
100000
99980
100000
100000
100000
100000
100000
100000
99950
100000
100000
100000
100000
99994
100000
100000
100000
99880
99986
99987
99995
100000
100000
100000
99995
100000
100000
99984
99919
99994
100000
98998
99994
98741
100000
100000
100000
100000
99995
99980
100000
99986
99950
99840
100000
99995
99997
100000
100000
99950
100000
99961
100000
100000
100000
100000
99997
100000
100000
100000
99900
100000
100000
100000
100000
99979
100000
99987
100000
99995
100000
100000
100000
100000
100000
99980
100000
99986
100000
99995
100000
99961
100000
99918
100000
99994
99896
99980
100000
99980
100000
99879
100000
93837
99980
100000
99997
100000
99987
100000
99961
100000
100000
100000
100000
99979
99763
99974
100000
100000
100000
100000
100000
99997
100000
100000
100000
99950
100000
99980
99986
99995
100000
99997
99846
100000
99995
99995
100000
100000
99986
100000
99987
100000
99824
99979
100000
100000
99950
99995
100000
100000
99986
99995
100000
100000
100000
100000
99994
100000
100000
99957
99980
100000
100000
100000
99987
100000
100000
100000
99997
99950
100000
100000
100000
99994
100000
100000
99950
100000
99987
100000
100000
100000
99919
100000
99986
100000
100000
99980
100000
100000
100000
100000
100000
100000
100000
100000
100000
99900
100000
99979
99995
99986
100000
100000
100000
100000
99994
99987
99881
100000
100000
99985
100000
100000
100000
100000
99980
100000
100000
100000
99997
99995
100000
100000
99961
100000
100000
99946
99919
100000
100000
99994
92371
100000
99994
99433
99994
100000
99995
99987
100000
99960
93359
93837
99980
99950
100000
100000
99961
100000
100000
99990
98701
99994
99995
99979
100000
100000
99961
99986
99986
100000
99980
100000
100000
100000
99984
99846
100000
100000
100000
99979
99987
100000
100000
100000
99890
99957
100000
100000
100000
99995
99961
99995
100000
100000
100000
99994
99763
100000
100000
99987
99994
100000
100000
99980
100000
99994
100000
99995
99987
100000
99961
99979
99987
100000
99987
99961
100000
100000
99950
99987
99997
99840
100000
99994
100000
99882
100000
99994
100000
100000
100000
99994
100000
100000
100000
99907
99751
100000
100000
99995
100000
99974
100000
100000
99884
99950
99995
99974
99884
100000
99961
100000
100000
100000
100000
100000
99995
99887
99984
99986
100000
100000
99990
99987
99994
99995
99994
100000
100000
99995
99029
100000
99957
99980
100000
99980
99961
100000
100000
99961
100000
99997
99984
100000
100000
99997
100000
99985
100000
100000
99994
100000
99979
99995
99997
99979
99495
100000
100000
100000
100000
100000
100000
99986
100000
99961
100000
100000
99979
100000
100000
99961
100000
100000
99987
99997
99995
99932
100000
100000
100000
99986
100000
99908
100000
100000
100000
99960
99997
99961
100000
100000
99770
99980
100000
99987
99865
100000
99985
99994
99884
99995
99984
99986
99986
99997
100000
100000
99979
99961
100000
99995
100000
100000
100000
99986
99961
100000
100000
100000
100000
99997
100000
99980
100000
100000
99979
100000
100000
100000
99961
99995
99987
99994
99987
100000
100000
100000
99986
100000
100000
99950
99995
100000
99950
99994
100000
97226
99995
100000
99932
100000
100000
99840
100000
100000
99960
100000
100000
100000
99995
100000
100000
100000
100000
100000
100000
100000
99986
100000
100000
100000
100000
100000
99979
99919
99950
100000
100000
99980
100000
99950
100000
100000
99994
100000
100000
99919
100000
99950
99986
99946
99841
99987
100000
100000
100000
99984
99950
100000
99919
99980
100000
99995
99994
99994
99995
100000
100000
100000
100000
99987
100000
99932
100000
99994
99994
99878
100000
99997
100000
100000
100000
99995
100000
100000
100000
99900
99995
100000
99908
100000
99974
99986
99986
100000
99997
100000
99997
99994
100000
100000
100000
100000
99957
100000
99739
100000
100000
99987
100000
99957
100000
100000
99840
99995
100000
100000
100000
99987
100000
100000
100000
100000
100000
100000
100000
99995
100000
100000
99986
99985
100000
100000
99994
100000
100000
100000
99865
99542
99994
100000
99995
100000
100000
99994
99533
99987
100000
100000
100000
100000
100000
100000
99986
100000
99979
99995
100000
99995
99950
100000
100000
100000
100000
99980
99950
99997
100000
100000
93640
100000
99506
100000
100000
99961
100000
100000
99986
99987
99935
100000
100000
99986
100000
100000
100000
100000
100000
100000
100000
100000
99995
99990
99990
100000
100000
100000
100000
100000
99995
100000
100000
99985
99879
99950
99957
99950
99744
100000
99744
100000
99763
99990
99984
99671
99950
100000
99950
99913
99994
100000
99744
99994
100000
100000
100000
99763
99990
99974
100000
100000
100000
100000
100000
100000
100000
99995
99433
99995
99997
100000
100000
100000
100000
99506
100000
98963
100000
99986
100000
100000
99995
99990
100000
99961
99995
99985
99979
98845
99986
100000
99984
100000
100000
100000
99994
100000
99987
99980
99997
100000
99984
99994
100000
100000
99797
100000
99985
100000
99980
100000
99986
100000
100000
100000
99995
99995
100000
99994
99957
99980
99184
100000
99994
100000
100000
100000
99984
100000
100000
99986
98756
100000
100000
99986
99985
100000
99980
100000
100000
99979
100000
100000
100000
100000
99995
99797
99995
100000
100000
100000
100000
100000
99997
100000
99987
100000
100000
99994
100000
100000
100000
99986
99997
99997
100000
100000
99960
100000
99995
100000
100000
100000
99987
99957
99980
99987
100000
100000
99994
100000
100000
100000
100000
99544
100000
100000
99995
100000
99995
99985
100000
100000
100000
99980
97645
100000
100000
99995
100000
99974
100000
99987
99987
99995
99958
99985
100000
100000
99980
99979
100000
100000
100000
99990
99986
100000
99995
99979
100000
100000
99598
99986
99950
100000
100000
100000
99606
100000
99957
99995
100000
99987
99846
99763
99997
100000
99980
100000
99763
100000
99997
100000
100000
100000
99947
99987
99847
99987
99995
99997
99950
99995
100000
99995
99961
99980
99974
100000
99995
100000
100000
99935
99960
100000
99995
100000
100000
99995
100000
100000
99986
99935
99985
100000
99763
100000
100000
100000
99980
99961
99950
99995
100000
100000
100000
100000
98701
99961
100000
100000
100000
99997
99987
99984
100000
100000
100000
100000
100000
100000
100000
100000
100000
100000
100000
100000
100000
99995
99980
100000
99980
99987
99900
100000
100000
99987
99879
100000
100000
99995
100000
99984
99961
100000
99995
100000
99957
99985
100000
100000
99994
100000
99987
99994
100000
100000
100000
99957
100000
100000
99984
100000
99907
99506
99961
99881
100000
99795
99986
100000
99847
99980
100000
99950
99997
100000
100000
99986
100000
100000
100000
99950
100000
100000
100000
100000
99950
100000
100000
99994
100000
100000
100000
99995
99994
100000
99984
100000
100000
100000
99210
100000
100000
99986
100000
100000
99995
100000
99986
99994
99994
99994
99950
100000
100000
99980
99997
100000
99980
100000
99994
99986
99865
99986
99980
99980
99846
100000
99997
99979
100000
99961
100000
100000
99997
99950
99986
99929
100000
99997
99980
100000
99995
99995
100000
100000
100000
99846
100000
100000
99950
99908
99974
100000
99846
99950
99995
100000
99995
100000
100000
100000
100000
98748
99979
99995
99986
100000
99950
99997
100000
100000
100000
99997
99986
99846
100000
99995
100000
100000
100000
100000
100000
100000
99985
99986
99779
99994
99843
100000
99919
100000
99986
100000
99995
100000
99990
99987
99986
99994
99932
99908
100000
100000
100000
99980
99961
100000
99980
100000
100000
100000
100000
100000
99987
99824
99533
100000
99995
99974
99197
100000
99987
99960
99979
100000
99995
99961
99994
100000
100000
99995
99994
100000
100000
100000
100000
99994
99987
99881
99995
99995
99994
100000
100000
100000
99170
99995
100000
100000
100000
99986
99847
100000
100000
100000
99957
100000
100000
100000
100000
99987
100000
100000
100000
99950
99986
99950
100000
99980
99986
100000
100000
100000
100000
100000
100000
100000
99995
100000
100000
99995
100000
100000
100000
99987
100000
100000
99957
100000
100000
99987
100000
100000
100000
100000
99950
100000
99980
99987
99986
100000
99987
100000
99994
99995
100000
100000
100000
100000
99995
100000
99919
100000
100000
99433
100000
100000
99995
100000
99882
99986
99995
99900
99997
100000
99961
99987
100000
99957
100000
99824
99986
99841
99980
100000
99846
99994
99997
100000
100000
100000
100000
100000
99960
100000
100000
100000
99739
100000
100000
100000
100000
99986
99994
99980
99997
99884
100000
100000
99997
99997
99997
100000
99986
100000
100000
99763
100000
99997
99606
100000
99986
100000
100000
99994
100000
99961
100000
99985
100000
100000
99957
99995
100000
99985
99986
100000
100000
100000
99986
100000
99995
99986
100000
99961
100000
100000
100000
100000
99986
100000
100000
99994
99995
100000
99950
99995
99995
100000
100000
99987
100000
100000
100000
100000
100000
100000
99950
99947
100000
100000
99995
100000
100000
100000
99840
99995
99919
99979
100000
99980
99994
99987
100000
99986
99865
100000
100000
99881
100000
99961
100000
100000
100000
99947
99725
100000
100000
100000
100000
99997
99824
100000
99994
100000
99919
100000
100000
100000
100000
99980
99770
100000
99995
99987
100000
100000
100000
99995
99979
100000
100000
99986
100000
99843
99986
99995
100000
100000
100000
100000
99846
100000
100000
100000
99581
100000
100000
100000
100000
100000
100000
100000
99984
100000
97346
100000
100000
99960
98994
99987
99980
99997
99986
100000
99950
99995
99994
100000
99994
99997
99950
99997
99987
99997
100000
99979
100000
100000
99612
100000
100000
99994
99974
99987
99919
99957
100000
99987
100000
100000
99986
100000
100000
100000
100000
99986
100000
100000
99995
99995
100000
99986
100000
100000
99995
100000
99990
100000
99919
100000
99995
98973
100000
99974
99997
100000
99995
100000
99919
100000
99995
100000
100000
100000
99961
100000
99900
99997
99960
100000
100000
100000
99987
99950
99986
100000
99990
100000
100000
100000
99854
99995
100000
100000
100000
99994
99987
100000
100000
99995
100000
100000
99995
100000
100000
100000
99995
100000
100000
100000
100000
100000
100000
100000
99986
100000
100000
100000
100000
99995
100000
99846
100000
100000
99979
100000
100000
99884
100000
100000
99812
99433
100000
99987
100000
100000
99985
100000
100000
100000
99979
99430
99968
100000
100000
99995
99986
100000
99997
100000
99094
99433
100000
99994
99987
100000
99950
99995
100000
99961
100000
100000
100000
100000
100000
100000
100000
99908
99994
100000
100000
100000
99980
100000
99960
100000
100000
100000
100000
100000
99763
100000
100000
99987
100000
99995
99950
99884
100000
99994
100000
100000
100000
100000
99987
100000
100000
99995
100000
100000
100000
100000
100000
100000
100000
99950
100000
100000
100000
99979
99590
99994
100000
99995
99957
100000
99980
99184
100000
100000
100000
99264
99045
100000
100000
99986
99974
100000
100000
100000
99980
100000
99979
100000
99994
100000
100000
99986
99980
99995
99739
99881
100000
100000
100000
100000
100000
100000
100000
99919
99995
100000
100000
100000
100000
100000
100000
99807
100000
100000
100000
100000
99980
99980
99987
10